  Cleaning VRCollabProjectEditor and UnrealHeaderTool binaries...
  Using 'git status' to determine working set for adaptive non-unity build (E:\Projects\Github\Collaborative-practice).
  Creating makefile for VRCollabProjectEditor (no existing makefile)
  Parsing headers for VRCollabProjectEditor
    Running UnrealHeaderTool "E:\Projects\Github\Collaborative-practice\VRCollabProject\VRCollabProject.uproject" "E:\Projects\Github\Collaborative-practice\VRCollabProject\Intermediate\Build\Win64\VRCollabProjectEditor\DebugGame\VRCollabProjectEditor.uhtmanifest" -LogCmds="loginit warning, logexit warning, logdatabase error" -Unattended -WarningsAsErrors -abslog="C:\Users\jppri\AppData\Local\UnrealBuildTool\Log_UHT.txt" -installed
  Reflection code generated for VRCollabProjectEditor in 7.0370529 seconds
  Building VRCollabProjectEditor...
  Using Visual Studio 2019 14.28.29335 toolchain (C:\Program Files (x86)\Microsoft Visual Studio\2019\Community\VC\Tools\MSVC\14.28.29333) and Windows 10.0.18362.0 SDK (C:\Program Files (x86)\Windows Kits\10).
  Building 17 actions with 16 processes...
    [1/17] Default.rc2
    [2/17] SharedPCH.Engine.NonOptimized.ShadowErrors.cpp
    [3/17] VRCollabProject.cpp
    [4/17] PickupInterface.cpp
    [5/17] PickupActor.cpp
    [6/17] VRCollabProject.init.gen.cpp
    [7/17] PickupInterface.gen.cpp
    [8/17] PickupActor.gen.cpp
    [9/17] VRPlayerPawn.gen.cpp
    [10/17] VRCollabProjectGameModeBase.cpp
    [11/17] VRCollabProjectGameModeBase.gen.cpp
    [12/17] SceneChangeTriggerReciever.cpp
    [13/17] SceneChangeTriggerReciever.gen.cpp
    [14/17] VRPlayerPawn.cpp
    [15/17] UE4Editor-VRCollabProject-Win64-DebugGame.lib
       Creating library E:\Projects\Github\Collaborative-practice\VRCollabProject\Intermediate\Build\Win64\UE4Editor\DebugGame\VRCollabProject\UE4Editor-VRCollabProject-Win64-DebugGame.lib and object E:\Projects\Github\Collaborative-practice\VRCollabProject\Intermediate\Build\Win64\UE4Editor\DebugGame\VRCollabProject\UE4Editor-VRCollabProject-Win64-DebugGame.exp
    [16/17] UE4Editor-VRCollabProject-Win64-DebugGame.dll
       Creating library E:\Projects\Github\Collaborative-practice\VRCollabProject\Intermediate\Build\Win64\UE4Editor\DebugGame\VRCollabProject\UE4Editor-VRCollabProject-Win64-DebugGame.suppressed.lib and object E:\Projects\Github\Collaborative-practice\VRCollabProject\Intermediate\Build\Win64\UE4Editor\DebugGame\VRCollabProject\UE4Editor-VRCollabProject-Win64-DebugGame.suppressed.exp
    [17/17] VRCollabProjectEditor-Win64-DebugGame.target
  Total time in Parallel executor: 32.32 seconds
  Total execution time: 49.53 seconds
