Log file open, 02/25/21 10:15:53
LogInit: Display: Running engine for game: Collab
LogPlatformFile: Not using cached read wrapper
LogTaskGraph: Started task graph with 5 named threads and 14 total threads with 3 sets of task threads.
LogStats: Stats thread started at 5.480171
LogD3D11RHI: Loaded GFSDK_Aftermath_Lib.x64.dll
LogICUInternationalization: ICU TimeZone Detection - Raw Offset: +0:00, Platform Override: ''
LogPluginManager: Mounting plugin Paper2D
LogPluginManager: Mounting plugin AISupport
LogPluginManager: Mounting plugin LightPropagationVolume
LogPluginManager: Mounting plugin CameraShakePreviewer
LogPluginManager: Mounting plugin ActorLayerUtilities
LogPluginManager: Mounting plugin AnimationSharing
LogPluginManager: Mounting plugin CLionSourceCodeAccess
LogPluginManager: Mounting plugin CodeLiteSourceCodeAccess
LogPluginManager: Mounting plugin GitSourceControl
LogPluginManager: Mounting plugin KDevelopSourceCodeAccess
LogPluginManager: Mounting plugin NullSourceCodeAccess
LogPluginManager: Mounting plugin PerforceSourceControl
LogPluginManager: Mounting plugin PlasticSourceControl
LogPluginManager: Mounting plugin RiderSourceCodeAccess
LogPluginManager: Mounting plugin SubversionSourceControl
LogPluginManager: Mounting plugin UObjectPlugin
LogPluginManager: Mounting plugin VisualStudioCodeSourceCodeAccess
LogPluginManager: Mounting plugin VisualStudioSourceCodeAccess
LogPluginManager: Mounting plugin XCodeSourceCodeAccess
LogPluginManager: Mounting plugin AssetManagerEditor
LogPluginManager: Mounting plugin CryptoKeys
LogPluginManager: Mounting plugin CurveEditorTools
LogPluginManager: Mounting plugin DataValidation
LogPluginManager: Mounting plugin EditorScriptingUtilities
LogPluginManager: Mounting plugin FacialAnimation
LogPluginManager: Mounting plugin GameplayTagsEditor
LogPluginManager: Mounting plugin GeometryMode
LogPluginManager: Mounting plugin MacGraphicsSwitching
LogPluginManager: Mounting plugin MaterialAnalyzer
LogPluginManager: Mounting plugin MobileLauncherProfileWizard
LogPluginManager: Mounting plugin PluginBrowser
LogPluginManager: Mounting plugin SpeedTreeImporter
LogPluginManager: Mounting plugin DatasmithContent
LogPluginManager: Mounting plugin VariantManagerContent
LogPluginManager: Mounting plugin AlembicImporter
LogPluginManager: Mounting plugin AutomationUtils
LogPluginManager: Mounting plugin BackChannel
LogPluginManager: Mounting plugin ChaosCloth
LogPluginManager: Mounting plugin ChaosClothEditor
LogPluginManager: Mounting plugin ChaosEditor
LogPluginManager: Mounting plugin ChaosNiagara
LogPluginManager: Mounting plugin ChaosSolverPlugin
LogPluginManager: Mounting plugin CharacterAI
LogPluginManager: Mounting plugin GeometryCache
LogPluginManager: Mounting plugin GeometryCollectionPlugin
LogPluginManager: Mounting plugin GeometryProcessing
LogPluginManager: Mounting plugin PlanarCut
LogPluginManager: Mounting plugin PlatformCrypto
LogPluginManager: Mounting plugin ProxyLODPlugin
LogPluginManager: Mounting plugin SkeletalReduction
LogPluginManager: Mounting plugin Niagara
LogPluginManager: Mounting plugin MagicLeap
LogPluginManager: Mounting plugin MagicLeapLightEstimation
LogPluginManager: Mounting plugin MagicLeapMedia
LogPluginManager: Mounting plugin MagicLeapPassableWorld
LogPluginManager: Mounting plugin MLSDK
LogPluginManager: Mounting plugin AndroidMedia
LogPluginManager: Mounting plugin AvfMedia
LogPluginManager: Mounting plugin ImgMedia
LogPluginManager: Mounting plugin MediaCompositing
LogPluginManager: Mounting plugin MediaPlayerEditor
LogPluginManager: Mounting plugin WebMMedia
LogPluginManager: Mounting plugin WmfMedia
LogPluginManager: Mounting plugin MeshPainting
LogPluginManager: Mounting plugin TcpMessaging
LogPluginManager: Mounting plugin UdpMessaging
LogPluginManager: Mounting plugin ActorSequence
LogPluginManager: Mounting plugin LevelSequenceEditor
LogPluginManager: Mounting plugin MatineeToLevelSequence
LogPluginManager: Mounting plugin MovieRenderPipeline
LogPluginManager: Mounting plugin TemplateSequence
LogPluginManager: Mounting plugin NetcodeUnitTest
LogPluginManager: Mounting plugin NUTUnrealEngine4
LogPluginManager: Mounting plugin OnlineSubsystemGooglePlay
LogPluginManager: Mounting plugin OnlineSubsystemIOS
LogPluginManager: Mounting plugin OnlineSubsystem
LogPluginManager: Mounting plugin OnlineSubsystemNull
LogPluginManager: Mounting plugin OnlineSubsystemUtils
LogPluginManager: Mounting plugin LauncherChunkInstaller
LogPluginManager: Mounting plugin AndroidDeviceProfileSelector
LogPluginManager: Mounting plugin AndroidMoviePlayer
LogPluginManager: Mounting plugin AndroidPermission
LogPluginManager: Mounting plugin AppleImageUtils
LogPluginManager: Mounting plugin AppleMoviePlayer
LogPluginManager: Mounting plugin ArchVisCharacter
LogPluginManager: Mounting plugin AssetTags
LogPluginManager: Mounting plugin AudioCapture
LogPluginManager: Mounting plugin CableComponent
LogPluginManager: Mounting plugin CustomMeshComponent
LogPluginManager: Mounting plugin EditableMesh
LogPluginManager: Mounting plugin ExampleDeviceProfileSelector
LogPluginManager: Mounting plugin GoogleCloudMessaging
LogPluginManager: Mounting plugin GooglePAD
LogPluginManager: Mounting plugin IOSDeviceProfileSelector
LogPluginManager: Mounting plugin LinuxDeviceProfileSelector
LogPluginManager: Mounting plugin LocationServicesBPLibrary
LogPluginManager: Mounting plugin MobilePatchingUtils
LogPluginManager: Mounting plugin OculusVR
LogPluginManager: Mounting plugin PhysXVehicles
LogPluginManager: Mounting plugin PostSplashScreen
LogPluginManager: Mounting plugin ProceduralMeshComponent
LogPluginManager: Mounting plugin RuntimePhysXCooking
LogPluginManager: Mounting plugin SignificanceManager
LogPluginManager: Mounting plugin SoundFields
LogPluginManager: Mounting plugin SteamVR
LogPluginManager: Mounting plugin Synthesis
LogPluginManager: Mounting plugin WebMMoviePlayer
LogPluginManager: Mounting plugin WindowsMoviePlayer
LogPluginManager: Mounting plugin ScreenshotTools
Launching UnrealBuildTool... [D:/Unreal/UE_4.25/Engine/Binaries/DotNET/UnrealBuildTool.exe -Mode=QueryTargets -Project="E:/Uni/year2/Sem2/Colab/Collab/Collaborative-practice/Collab.uproject" -Output="E:/Uni/year2/Sem2/Colab/Collab/Collaborative-practice/Intermediate/TargetInfo.json"]
LogInit: Using libcurl 7.55.1-DEV
LogInit:  - built for x86_64-pc-win32
LogInit:  - supports SSL with OpenSSL/1.1.1
LogInit:  - supports HTTP deflate (compression) using libz 1.2.8
LogInit:  - other features:
LogInit:      CURL_VERSION_SSL
LogInit:      CURL_VERSION_LIBZ
LogInit:      CURL_VERSION_IPV6
LogInit:      CURL_VERSION_ASYNCHDNS
LogInit:      CURL_VERSION_LARGEFILE
LogInit:      CURL_VERSION_IDN
LogInit:  CurlRequestOptions (configurable via config and command line):
LogInit:  - bVerifyPeer = true  - Libcurl will verify peer certificate
LogInit:  - bUseHttpProxy = false  - Libcurl will NOT use HTTP proxy
LogInit:  - bDontReuseConnections = false  - Libcurl will reuse connections
LogInit:  - MaxHostConnections = 16  - Libcurl will limit the number of connections to a host
LogInit:  - LocalHostAddr = Default
LogInit:  - BufferSize = 65536
LogOnline: OSS: Creating online subsystem instance for: NULL
LogInit: WinSock: version 1.1 (2.2), MaxSocks=32767, MaxUdp=65467
LogOnline: OSS: TryLoadSubsystemAndSetDefault: Loaded subsystem for module [NULL]
LogOculusPluginWrapper: OculusPlugin initialized successfully
LogHMD: Failed initializing OVRPlugin 1.44.0
LogInit: Build: ++UE4+Release-4.25-CL-14469661
LogInit: Engine Version: 4.25.4-14469661+++UE4+Release-4.25
LogInit: Compatible Engine Version: 4.25.0-13144385+++UE4+Release-4.25
LogInit: Net CL: 13144385
LogInit: OS: Windows 10 (Release 2004) (), CPU: Intel(R) Core(TM) i5-4690K CPU @ 3.50GHz, GPU: Intel(R) HD Graphics 4600
LogInit: Compiled (64-bit): Oct 11 2020 08:10:49
LogInit: Compiled with Visual C++: 19.24.28315.00
LogInit: Build Configuration: Development
LogInit: Branch Name: ++UE4+Release-4.25
LogInit: Command Line: 
LogInit: Base Directory: D:/Unreal/UE_4.25/Engine/Binaries/Win64/
LogInit: Allocator: TBB
LogInit: Installed Engine Build: 1
LogDevObjectVersion: Number of dev versions registered: 26
LogDevObjectVersion:   Dev-Blueprints (B0D832E4-1F89-4F0D-ACCF-7EB736FD4AA2): 10
LogDevObjectVersion:   Dev-Build (E1C64328-A22C-4D53-A36C-8E866417BD8C): 0
LogDevObjectVersion:   Dev-Core (375EC13C-06E4-48FB-B500-84F0262A717E): 4
LogDevObjectVersion:   Dev-Editor (E4B068ED-F494-42E9-A231-DA0B2E46BB41): 38
LogDevObjectVersion:   Dev-Framework (CFFC743F-43B0-4480-9391-14DF171D2073): 37
LogDevObjectVersion:   Dev-Mobile (B02B49B5-BB20-44E9-A304-32B752E40360): 2
LogDevObjectVersion:   Dev-Networking (A4E4105C-59A1-49B5-A7C5-40C4547EDFEE): 0
LogDevObjectVersion:   Dev-Online (39C831C9-5AE6-47DC-9A44-9C173E1C8E7C): 0
LogDevObjectVersion:   Dev-Physics (78F01B33-EBEA-4F98-B9B4-84EACCB95AA2): 4
LogDevObjectVersion:   Dev-Platform (6631380F-2D4D-43E0-8009-CF276956A95A): 0
LogDevObjectVersion:   Dev-Rendering (12F88B9F-8875-4AFC-A67C-D90C383ABD29): 43
LogDevObjectVersion:   Dev-Sequencer (7B5AE74C-D270-4C10-A958-57980B212A5A): 12
LogDevObjectVersion:   Dev-VR (D7296918-1DD6-4BDD-9DE2-64A83CC13884): 3
LogDevObjectVersion:   Dev-LoadTimes (C2A15278-BFE7-4AFE-6C17-90FF531DF755): 1
LogDevObjectVersion:   Private-Geometry (6EACA3D4-40EC-4CC1-B786-8BED09428FC5): 3
LogDevObjectVersion:   Dev-AnimPhys (29E575DD-E0A3-4627-9D10-D276232CDCEA): 17
LogDevObjectVersion:   Dev-Anim (AF43A65D-7FD3-4947-9873-3E8ED9C1BB05): 7
LogDevObjectVersion:   Dev-ReflectionCapture (6B266CEC-1EC7-4B8F-A30B-E4D90942FC07): 1
LogDevObjectVersion:   Dev-Automation (0DF73D61-A23F-47EA-B727-89E90C41499A): 1
LogDevObjectVersion:   FortniteMain (601D1886-AC64-4F84-AA16-D3DE0DEAC7D6): 31
LogDevObjectVersion:   Dev-Enterprise (9DFFBCD6-494F-0158-E221-12823C92A888): 10
LogDevObjectVersion:   Dev-Niagara (F2AED0AC-9AFE-416F-8664-AA7FFA26D6FC): 1
LogDevObjectVersion:   Dev-Destruction (174F1F0B-B4C6-45A5-B13F-2EE8D0FB917D): 10
LogDevObjectVersion:   Dev-Physics-Ext (35F94A83-E258-406C-A318-09F59610247C): 37
LogDevObjectVersion:   Dev-PhysicsMaterial-Chaos (B68FC16E-8B1B-42E2-B453-215C058844FE): 1
LogDevObjectVersion:   Dev-CineCamera (B2E18506-4273-CFC2-A54E-F4BB758BBA07): 1
LogInit: Presizing for max 25165824 objects, including 0 objects not considered by GC, pre-allocating 0 bytes for permanent pool.
LogConfig: Applying CVar settings from Section [/Script/Engine.StreamingSettings] File [E:/Uni/year2/Sem2/Colab/Collab/Collaborative-practice/Saved/Config/Windows/Engine.ini]
LogConfig: Setting CVar [[s.MinBulkDataSizeForAsyncLoading:131072]]
LogConfig: Setting CVar [[s.AsyncLoadingThreadEnabled:0]]
LogConfig: Setting CVar [[s.EventDrivenLoaderEnabled:1]]
LogConfig: Setting CVar [[s.WarnIfTimeLimitExceeded:0]]
LogConfig: Setting CVar [[s.TimeLimitExceededMultiplier:1.5]]
LogConfig: Setting CVar [[s.TimeLimitExceededMinTime:0.005]]
LogConfig: Setting CVar [[s.UseBackgroundLevelStreaming:1]]
LogConfig: Setting CVar [[s.PriorityAsyncLoadingExtraTime:15.0]]
LogConfig: Setting CVar [[s.LevelStreamingActorsUpdateTimeLimit:5.0]]
LogConfig: Setting CVar [[s.PriorityLevelStreamingActorsUpdateExtraTime:5.0]]
LogConfig: Setting CVar [[s.LevelStreamingComponentsRegistrationGranularity:10]]
LogConfig: Setting CVar [[s.UnregisterComponentsTimeLimit:1.0]]
LogConfig: Setting CVar [[s.LevelStreamingComponentsUnregistrationGranularity:5]]
LogConfig: Setting CVar [[s.FlushStreamingOnExit:1]]
LogInit: Object subsystem initialized
LogConfig: Setting CVar [[con.DebugEarlyDefault:1]]
LogConfig: Setting CVar [[r.setres:1280x720]]
[2021.02.25-10.16.05:632][  0]LogConfig: Setting CVar [[r.VSync:0]]
[2021.02.25-10.16.05:632][  0]LogConfig: Setting CVar [[r.RHICmdBypass:0]]
[2021.02.25-10.16.05:632][  0]LogConfig: Applying CVar settings from Section [/Script/Engine.RendererSettings] File [E:/Uni/year2/Sem2/Colab/Collab/Collaborative-practice/Saved/Config/Windows/Engine.ini]
[2021.02.25-10.16.05:632][  0]LogConfig: Setting CVar [[r.GPUCrashDebugging:0]]
[2021.02.25-10.16.05:632][  0]LogConfig: Applying CVar settings from Section [/Script/Engine.RendererOverrideSettings] File [E:/Uni/year2/Sem2/Colab/Collab/Collaborative-practice/Saved/Config/Windows/Engine.ini]
[2021.02.25-10.16.05:632][  0]LogConfig: Applying CVar settings from Section [/Script/Engine.StreamingSettings] File [E:/Uni/year2/Sem2/Colab/Collab/Collaborative-practice/Saved/Config/Windows/Engine.ini]
[2021.02.25-10.16.05:632][  0]LogConfig: Setting CVar [[s.MinBulkDataSizeForAsyncLoading:131072]]
[2021.02.25-10.16.05:632][  0]LogConfig: Setting CVar [[s.AsyncLoadingThreadEnabled:0]]
[2021.02.25-10.16.05:632][  0]LogConfig: Setting CVar [[s.EventDrivenLoaderEnabled:1]]
[2021.02.25-10.16.05:632][  0]LogConfig: Setting CVar [[s.WarnIfTimeLimitExceeded:0]]
[2021.02.25-10.16.05:632][  0]LogConfig: Setting CVar [[s.TimeLimitExceededMultiplier:1.5]]
[2021.02.25-10.16.05:632][  0]LogConfig: Setting CVar [[s.TimeLimitExceededMinTime:0.005]]
[2021.02.25-10.16.05:632][  0]LogConfig: Setting CVar [[s.UseBackgroundLevelStreaming:1]]
[2021.02.25-10.16.05:632][  0]LogConfig: Setting CVar [[s.PriorityAsyncLoadingExtraTime:15.0]]
[2021.02.25-10.16.05:632][  0]LogConfig: Setting CVar [[s.LevelStreamingActorsUpdateTimeLimit:5.0]]
[2021.02.25-10.16.05:632][  0]LogConfig: Setting CVar [[s.PriorityLevelStreamingActorsUpdateExtraTime:5.0]]
[2021.02.25-10.16.05:632][  0]LogConfig: Setting CVar [[s.LevelStreamingComponentsRegistrationGranularity:10]]
[2021.02.25-10.16.05:632][  0]LogConfig: Setting CVar [[s.UnregisterComponentsTimeLimit:1.0]]
[2021.02.25-10.16.05:632][  0]LogConfig: Setting CVar [[s.LevelStreamingComponentsUnregistrationGranularity:5]]
[2021.02.25-10.16.05:632][  0]LogConfig: Setting CVar [[s.FlushStreamingOnExit:1]]
[2021.02.25-10.16.05:633][  0]LogConfig: Applying CVar settings from Section [/Script/Engine.GarbageCollectionSettings] File [E:/Uni/year2/Sem2/Colab/Collab/Collaborative-practice/Saved/Config/Windows/Engine.ini]
[2021.02.25-10.16.05:633][  0]LogConfig: Setting CVar [[gc.MaxObjectsNotConsideredByGC:1]]
[2021.02.25-10.16.05:633][  0]LogConfig: Setting CVar [[gc.SizeOfPermanentObjectPool:0]]
[2021.02.25-10.16.05:633][  0]LogConfig: Setting CVar [[gc.FlushStreamingOnGC:0]]
[2021.02.25-10.16.05:633][  0]LogConfig: Setting CVar [[gc.NumRetriesBeforeForcingGC:10]]
[2021.02.25-10.16.05:633][  0]LogConfig: Setting CVar [[gc.AllowParallelGC:1]]
[2021.02.25-10.16.05:633][  0]LogConfig: Setting CVar [[gc.TimeBetweenPurgingPendingKillObjects:61.1]]
[2021.02.25-10.16.05:633][  0]LogConfig: Setting CVar [[gc.MaxObjectsInEditor:25165824]]
[2021.02.25-10.16.05:633][  0]LogConfig: Setting CVar [[gc.IncrementalBeginDestroyEnabled:1]]
[2021.02.25-10.16.05:633][  0]LogConfig: Setting CVar [[gc.CreateGCClusters:1]]
[2021.02.25-10.16.05:633][  0]LogConfig: Setting CVar [[gc.MinGCClusterSize:5]]
[2021.02.25-10.16.05:633][  0]LogConfig: Setting CVar [[gc.ActorClusteringEnabled:0]]
[2021.02.25-10.16.05:633][  0]LogConfig: Setting CVar [[gc.BlueprintClusteringEnabled:0]]
[2021.02.25-10.16.05:633][  0]LogConfig: Setting CVar [[gc.UseDisregardForGCOnDedicatedServers:0]]
[2021.02.25-10.16.05:633][  0]LogConfig: Applying CVar settings from Section [/Script/Engine.NetworkSettings] File [E:/Uni/year2/Sem2/Colab/Collab/Collaborative-practice/Saved/Config/Windows/Engine.ini]
[2021.02.25-10.16.05:633][  0]LogConfig: Applying CVar settings from Section [/Script/UnrealEd.CookerSettings] File [E:/Uni/year2/Sem2/Colab/Collab/Collaborative-practice/Saved/Config/Windows/Engine.ini]
[2021.02.25-10.16.05:673][  0]LogConfig: Applying CVar settings from Section [ViewDistanceQuality@3] File [E:/Uni/year2/Sem2/Colab/Collab/Collaborative-practice/Saved/Config/Windows/Scalability.ini]
[2021.02.25-10.16.05:674][  0]LogConfig: Setting CVar [[r.SkeletalMeshLODBias:0]]
[2021.02.25-10.16.05:674][  0]LogConfig: Setting CVar [[r.ViewDistanceScale:1.0]]
[2021.02.25-10.16.05:674][  0]LogConfig: Applying CVar settings from Section [AntiAliasingQuality@3] File [E:/Uni/year2/Sem2/Colab/Collab/Collaborative-practice/Saved/Config/Windows/Scalability.ini]
[2021.02.25-10.16.05:674][  0]LogConfig: Setting CVar [[r.PostProcessAAQuality:4]]
[2021.02.25-10.16.05:674][  0]LogConfig: Applying CVar settings from Section [ShadowQuality@3] File [E:/Uni/year2/Sem2/Colab/Collab/Collaborative-practice/Saved/Config/Windows/Scalability.ini]
[2021.02.25-10.16.05:674][  0]LogConfig: Setting CVar [[r.LightFunctionQuality:1]]
[2021.02.25-10.16.05:674][  0]LogConfig: Setting CVar [[r.ShadowQuality:5]]
[2021.02.25-10.16.05:674][  0]LogConfig: Setting CVar [[r.Shadow.CSM.MaxCascades:10]]
[2021.02.25-10.16.05:674][  0]LogConfig: Setting CVar [[r.Shadow.MaxResolution:2048]]
[2021.02.25-10.16.05:674][  0]LogConfig: Setting CVar [[r.Shadow.MaxCSMResolution:2048]]
[2021.02.25-10.16.05:674][  0]LogConfig: Setting CVar [[r.Shadow.RadiusThreshold:0.01]]
[2021.02.25-10.16.05:674][  0]LogConfig: Setting CVar [[r.Shadow.DistanceScale:1.0]]
[2021.02.25-10.16.05:674][  0]LogConfig: Setting CVar [[r.Shadow.CSM.TransitionScale:1.0]]
[2021.02.25-10.16.05:674][  0]LogConfig: Setting CVar [[r.Shadow.PreShadowResolutionFactor:1.0]]
[2021.02.25-10.16.05:674][  0]LogConfig: Setting CVar [[r.DistanceFieldShadowing:1]]
[2021.02.25-10.16.05:674][  0]LogConfig: Setting CVar [[r.DistanceFieldAO:1]]
[2021.02.25-10.16.05:674][  0]LogConfig: Setting CVar [[r.AOQuality:2]]
[2021.02.25-10.16.05:674][  0]LogConfig: Setting CVar [[r.VolumetricFog:1]]
[2021.02.25-10.16.05:674][  0]LogConfig: Setting CVar [[r.VolumetricFog.GridPixelSize:8]]
[2021.02.25-10.16.05:674][  0]LogConfig: Setting CVar [[r.VolumetricFog.GridSizeZ:128]]
[2021.02.25-10.16.05:674][  0]LogConfig: Setting CVar [[r.VolumetricFog.HistoryMissSupersampleCount:4]]
[2021.02.25-10.16.05:674][  0]LogConfig: Setting CVar [[r.LightMaxDrawDistanceScale:1]]
[2021.02.25-10.16.05:674][  0]LogConfig: Setting CVar [[r.CapsuleShadows:1]]
[2021.02.25-10.16.05:674][  0]LogConfig: Applying CVar settings from Section [PostProcessQuality@3] File [E:/Uni/year2/Sem2/Colab/Collab/Collaborative-practice/Saved/Config/Windows/Scalability.ini]
[2021.02.25-10.16.05:674][  0]LogConfig: Setting CVar [[r.MotionBlurQuality:4]]
[2021.02.25-10.16.05:674][  0]LogConfig: Setting CVar [[r.AmbientOcclusionMipLevelFactor:0.4]]
[2021.02.25-10.16.05:674][  0]LogConfig: Setting CVar [[r.AmbientOcclusionMaxQuality:100]]
[2021.02.25-10.16.05:674][  0]LogConfig: Setting CVar [[r.AmbientOcclusionLevels:-1]]
[2021.02.25-10.16.05:674][  0]LogConfig: Setting CVar [[r.AmbientOcclusionRadiusScale:1.0]]
[2021.02.25-10.16.05:674][  0]LogConfig: Setting CVar [[r.DepthOfFieldQuality:2]]
[2021.02.25-10.16.05:674][  0]LogConfig: Setting CVar [[r.RenderTargetPoolMin:400]]
[2021.02.25-10.16.05:674][  0]LogConfig: Setting CVar [[r.LensFlareQuality:2]]
[2021.02.25-10.16.05:674][  0]LogConfig: Setting CVar [[r.SceneColorFringeQuality:1]]
[2021.02.25-10.16.05:675][  0]LogConfig: Setting CVar [[r.EyeAdaptationQuality:2]]
[2021.02.25-10.16.05:675][  0]LogConfig: Setting CVar [[r.BloomQuality:5]]
[2021.02.25-10.16.05:675][  0]LogConfig: Setting CVar [[r.FastBlurThreshold:100]]
[2021.02.25-10.16.05:675][  0]LogConfig: Setting CVar [[r.Upscale.Quality:3]]
[2021.02.25-10.16.05:675][  0]LogConfig: Setting CVar [[r.Tonemapper.GrainQuantization:1]]
[2021.02.25-10.16.05:675][  0]LogConfig: Setting CVar [[r.LightShaftQuality:1]]
[2021.02.25-10.16.05:675][  0]LogConfig: Setting CVar [[r.Filter.SizeScale:1]]
[2021.02.25-10.16.05:675][  0]LogConfig: Setting CVar [[r.Tonemapper.Quality:5]]
[2021.02.25-10.16.05:675][  0]LogConfig: Setting CVar [[r.DOF.Gather.AccumulatorQuality:1        ; higher gathering accumulator quality]]
[2021.02.25-10.16.05:675][  0]LogConfig: Setting CVar [[r.DOF.Gather.PostfilterMethod:1          ; Median3x3 postfilering method]]
[2021.02.25-10.16.05:675][  0]LogConfig: Setting CVar [[r.DOF.Gather.EnableBokehSettings:0       ; no bokeh simulation when gathering]]
[2021.02.25-10.16.05:675][  0]LogConfig: Setting CVar [[r.DOF.Gather.RingCount:4                 ; medium number of samples when gathering]]
[2021.02.25-10.16.05:675][  0]LogConfig: Setting CVar [[r.DOF.Scatter.ForegroundCompositing:1    ; additive foreground scattering]]
[2021.02.25-10.16.05:675][  0]LogConfig: Setting CVar [[r.DOF.Scatter.BackgroundCompositing:2    ; additive background scattering]]
[2021.02.25-10.16.05:675][  0]LogConfig: Setting CVar [[r.DOF.Scatter.EnableBokehSettings:1      ; bokeh simulation when scattering]]
[2021.02.25-10.16.05:675][  0]LogConfig: Setting CVar [[r.DOF.Scatter.MaxSpriteRatio:0.1         ; only a maximum of 10% of scattered bokeh]]
[2021.02.25-10.16.05:675][  0]LogConfig: Setting CVar [[r.DOF.Recombine.Quality:1                ; cheap slight out of focus]]
[2021.02.25-10.16.05:675][  0]LogConfig: Setting CVar [[r.DOF.Recombine.EnableBokehSettings:0    ; no bokeh simulation on slight out of focus]]
[2021.02.25-10.16.05:675][  0]LogConfig: Setting CVar [[r.DOF.TemporalAAQuality:1                ; more stable temporal accumulation]]
[2021.02.25-10.16.05:675][  0]LogConfig: Setting CVar [[r.DOF.Kernel.MaxForegroundRadius:0.025]]
[2021.02.25-10.16.05:675][  0]LogConfig: Setting CVar [[r.DOF.Kernel.MaxBackgroundRadius:0.025]]
[2021.02.25-10.16.05:675][  0]LogConfig: Applying CVar settings from Section [TextureQuality@3] File [E:/Uni/year2/Sem2/Colab/Collab/Collaborative-practice/Saved/Config/Windows/Scalability.ini]
[2021.02.25-10.16.05:675][  0]LogConfig: Setting CVar [[r.Streaming.MipBias:0]]
[2021.02.25-10.16.05:675][  0]LogConfig: Setting CVar [[r.Streaming.AmortizeCPUToGPUCopy:0]]
[2021.02.25-10.16.05:675][  0]LogConfig: Setting CVar [[r.Streaming.MaxNumTexturesToStreamPerFrame:0]]
[2021.02.25-10.16.05:675][  0]LogConfig: Setting CVar [[r.Streaming.Boost:1]]
[2021.02.25-10.16.05:675][  0]LogConfig: Setting CVar [[r.MaxAnisotropy:8]]
[2021.02.25-10.16.05:675][  0]LogConfig: Setting CVar [[r.VT.MaxAnisotropy:8]]
[2021.02.25-10.16.05:675][  0]LogConfig: Setting CVar [[r.Streaming.LimitPoolSizeToVRAM:0]]
[2021.02.25-10.16.05:675][  0]LogConfig: Setting CVar [[r.Streaming.PoolSize:1000]]
[2021.02.25-10.16.05:675][  0]LogConfig: Setting CVar [[r.Streaming.MaxEffectiveScreenSize:0]]
[2021.02.25-10.16.05:675][  0]LogConfig: Applying CVar settings from Section [EffectsQuality@3] File [E:/Uni/year2/Sem2/Colab/Collab/Collaborative-practice/Saved/Config/Windows/Scalability.ini]
[2021.02.25-10.16.05:675][  0]LogConfig: Setting CVar [[r.TranslucencyLightingVolumeDim:64]]
[2021.02.25-10.16.05:675][  0]LogConfig: Setting CVar [[r.RefractionQuality:2]]
[2021.02.25-10.16.05:675][  0]LogConfig: Setting CVar [[r.SSR.Quality:3]]
[2021.02.25-10.16.05:675][  0]LogConfig: Setting CVar [[r.SSR.HalfResSceneColor:0]]
[2021.02.25-10.16.05:675][  0]LogConfig: Setting CVar [[r.SceneColorFormat:4]]
[2021.02.25-10.16.05:675][  0]LogConfig: Setting CVar [[r.DetailMode:2]]
[2021.02.25-10.16.05:675][  0]LogConfig: Setting CVar [[r.TranslucencyVolumeBlur:1]]
[2021.02.25-10.16.05:675][  0]LogConfig: Setting CVar [[r.MaterialQualityLevel:1 ; High quality]]
[2021.02.25-10.16.05:675][  0]LogConfig: Setting CVar [[r.SSS.Scale:1]]
[2021.02.25-10.16.05:675][  0]LogConfig: Setting CVar [[r.SSS.SampleSet:2]]
[2021.02.25-10.16.05:675][  0]LogConfig: Setting CVar [[r.SSS.Quality:1]]
[2021.02.25-10.16.05:675][  0]LogConfig: Setting CVar [[r.SSS.HalfRes:0]]
[2021.02.25-10.16.05:675][  0]LogConfig: Setting CVar [[r.SSGI.Quality:3]]
[2021.02.25-10.16.05:675][  0]LogConfig: Setting CVar [[r.EmitterSpawnRateScale:1.0]]
[2021.02.25-10.16.05:675][  0]LogConfig: Setting CVar [[r.ParticleLightQuality:2]]
[2021.02.25-10.16.05:675][  0]LogConfig: Setting CVar [[r.SkyAtmosphere.AerialPerspectiveLUT.FastApplyOnOpaque:1 ; Always have FastSkyLUT 1 in this case to avoid wrong sky]]
[2021.02.25-10.16.05:675][  0]LogConfig: Setting CVar [[r.SkyAtmosphere.AerialPerspectiveLUT.SampleCountPerSlice:1]]
[2021.02.25-10.16.05:676][  0]LogConfig: Setting CVar [[r.SkyAtmosphere.AerialPerspectiveLUT.DepthResolution:16.0]]
[2021.02.25-10.16.05:676][  0]LogConfig: Setting CVar [[r.SkyAtmosphere.FastSkyLUT:1]]
[2021.02.25-10.16.05:676][  0]LogConfig: Setting CVar [[r.SkyAtmosphere.FastSkyLUT.SampleCountMin:4.0]]
[2021.02.25-10.16.05:676][  0]LogConfig: Setting CVar [[r.SkyAtmosphere.FastSkyLUT.SampleCountMax:32.0]]
[2021.02.25-10.16.05:676][  0]LogConfig: Setting CVar [[r.SkyAtmosphere.SampleCountMin:4.0]]
[2021.02.25-10.16.05:676][  0]LogConfig: Setting CVar [[r.SkyAtmosphere.SampleCountMax:32.0]]
[2021.02.25-10.16.05:676][  0]LogConfig: Setting CVar [[r.SkyAtmosphere.TransmittanceLUT.UseSmallFormat:0]]
[2021.02.25-10.16.05:676][  0]LogConfig: Setting CVar [[r.SkyAtmosphere.TransmittanceLUT.SampleCount:10.0]]
[2021.02.25-10.16.05:676][  0]LogConfig: Setting CVar [[r.SkyAtmosphere.MultiScatteringLUT.SampleCount:15.0]]
[2021.02.25-10.16.05:676][  0]LogConfig: Applying CVar settings from Section [FoliageQuality@3] File [E:/Uni/year2/Sem2/Colab/Collab/Collaborative-practice/Saved/Config/Windows/Scalability.ini]
[2021.02.25-10.16.05:676][  0]LogConfig: Setting CVar [[foliage.DensityScale:1.0]]
[2021.02.25-10.16.05:676][  0]LogConfig: Setting CVar [[grass.DensityScale:1.0]]
[2021.02.25-10.16.05:676][  0]LogConfig: Applying CVar settings from Section [ShadingQuality@3] File [E:/Uni/year2/Sem2/Colab/Collab/Collaborative-practice/Saved/Config/Windows/Scalability.ini]
[2021.02.25-10.16.05:676][  0]LogConfig: Setting CVar [[r.HairStrands.SkyLighting.SampleCount:16]]
[2021.02.25-10.16.05:676][  0]LogConfig: Setting CVar [[r.HairStrands.SkyLighting.JitterIntegration:0]]
[2021.02.25-10.16.05:676][  0]LogConfig: Setting CVar [[r.HairStrands.SkyAO.SampleCount:16]]
[2021.02.25-10.16.05:676][  0]LogConfig: Setting CVar [[r.HairStrands.DeepShadow.SuperSampling:0]]
[2021.02.25-10.16.05:676][  0]LogConfig: Setting CVar [[r.HairStrands.VisibilityPPLL:0]]
[2021.02.25-10.16.05:676][  0]LogConfig: Setting CVar [[r.HairStrands.RasterizationScale:0.5]]
[2021.02.25-10.16.05:676][  0]LogConfig: Setting CVar [[r.HairStrands.VelocityRasterizationScale:1]]
[2021.02.25-10.16.05:684][  0]LogInit: Selected Device Profile: [Windows]
[2021.02.25-10.16.05:684][  0]LogInit: Applying CVar settings loaded from the selected device profile: [Windows]
[2021.02.25-10.16.05:700][  0]LogHAL: Display: Platform has ~ 16 GB [16851763200 / 17179869184 / 16], which maps to Larger [LargestMinGB=32, LargerMinGB=12, DefaultMinGB=8, SmallerMinGB=6, SmallestMinGB=0)
[2021.02.25-10.16.05:700][  0]LogInit: Going up to parent DeviceProfile []
[2021.02.25-10.16.05:701][  0]LogConfig: Applying CVar settings from Section [ViewDistanceQuality@3] File [E:/Uni/year2/Sem2/Colab/Collab/Collaborative-practice/Saved/Config/Windows/Scalability.ini]
[2021.02.25-10.16.05:701][  0]LogConfig: Setting CVar [[r.SkeletalMeshLODBias:0]]
[2021.02.25-10.16.05:701][  0]LogConfig: Setting CVar [[r.ViewDistanceScale:1.0]]
[2021.02.25-10.16.05:701][  0]LogConfig: Applying CVar settings from Section [AntiAliasingQuality@3] File [E:/Uni/year2/Sem2/Colab/Collab/Collaborative-practice/Saved/Config/Windows/Scalability.ini]
[2021.02.25-10.16.05:701][  0]LogConfig: Setting CVar [[r.PostProcessAAQuality:4]]
[2021.02.25-10.16.05:701][  0]LogConfig: Applying CVar settings from Section [ShadowQuality@3] File [E:/Uni/year2/Sem2/Colab/Collab/Collaborative-practice/Saved/Config/Windows/Scalability.ini]
[2021.02.25-10.16.05:701][  0]LogConfig: Setting CVar [[r.LightFunctionQuality:1]]
[2021.02.25-10.16.05:701][  0]LogConfig: Setting CVar [[r.ShadowQuality:5]]
[2021.02.25-10.16.05:701][  0]LogConfig: Setting CVar [[r.Shadow.CSM.MaxCascades:10]]
[2021.02.25-10.16.05:701][  0]LogConfig: Setting CVar [[r.Shadow.MaxResolution:2048]]
[2021.02.25-10.16.05:701][  0]LogConfig: Setting CVar [[r.Shadow.MaxCSMResolution:2048]]
[2021.02.25-10.16.05:701][  0]LogConfig: Setting CVar [[r.Shadow.RadiusThreshold:0.01]]
[2021.02.25-10.16.05:701][  0]LogConfig: Setting CVar [[r.Shadow.DistanceScale:1.0]]
[2021.02.25-10.16.05:701][  0]LogConfig: Setting CVar [[r.Shadow.CSM.TransitionScale:1.0]]
[2021.02.25-10.16.05:701][  0]LogConfig: Setting CVar [[r.Shadow.PreShadowResolutionFactor:1.0]]
[2021.02.25-10.16.05:701][  0]LogConfig: Setting CVar [[r.DistanceFieldShadowing:1]]
[2021.02.25-10.16.05:701][  0]LogConfig: Setting CVar [[r.DistanceFieldAO:1]]
[2021.02.25-10.16.05:701][  0]LogConfig: Setting CVar [[r.AOQuality:2]]
[2021.02.25-10.16.05:701][  0]LogConfig: Setting CVar [[r.VolumetricFog:1]]
[2021.02.25-10.16.05:701][  0]LogConfig: Setting CVar [[r.VolumetricFog.GridPixelSize:8]]
[2021.02.25-10.16.05:701][  0]LogConfig: Setting CVar [[r.VolumetricFog.GridSizeZ:128]]
[2021.02.25-10.16.05:701][  0]LogConfig: Setting CVar [[r.VolumetricFog.HistoryMissSupersampleCount:4]]
[2021.02.25-10.16.05:701][  0]LogConfig: Setting CVar [[r.LightMaxDrawDistanceScale:1]]
[2021.02.25-10.16.05:701][  0]LogConfig: Setting CVar [[r.CapsuleShadows:1]]
[2021.02.25-10.16.05:701][  0]LogConfig: Applying CVar settings from Section [PostProcessQuality@3] File [E:/Uni/year2/Sem2/Colab/Collab/Collaborative-practice/Saved/Config/Windows/Scalability.ini]
[2021.02.25-10.16.05:701][  0]LogConfig: Setting CVar [[r.MotionBlurQuality:4]]
[2021.02.25-10.16.05:701][  0]LogConfig: Setting CVar [[r.AmbientOcclusionMipLevelFactor:0.4]]
[2021.02.25-10.16.05:701][  0]LogConfig: Setting CVar [[r.AmbientOcclusionMaxQuality:100]]
[2021.02.25-10.16.05:701][  0]LogConfig: Setting CVar [[r.AmbientOcclusionLevels:-1]]
[2021.02.25-10.16.05:702][  0]LogConfig: Setting CVar [[r.AmbientOcclusionRadiusScale:1.0]]
[2021.02.25-10.16.05:702][  0]LogConfig: Setting CVar [[r.DepthOfFieldQuality:2]]
[2021.02.25-10.16.05:702][  0]LogConfig: Setting CVar [[r.RenderTargetPoolMin:400]]
[2021.02.25-10.16.05:702][  0]LogConfig: Setting CVar [[r.LensFlareQuality:2]]
[2021.02.25-10.16.05:702][  0]LogConfig: Setting CVar [[r.SceneColorFringeQuality:1]]
[2021.02.25-10.16.05:702][  0]LogConfig: Setting CVar [[r.EyeAdaptationQuality:2]]
[2021.02.25-10.16.05:702][  0]LogConfig: Setting CVar [[r.BloomQuality:5]]
[2021.02.25-10.16.05:702][  0]LogConfig: Setting CVar [[r.FastBlurThreshold:100]]
[2021.02.25-10.16.05:702][  0]LogConfig: Setting CVar [[r.Upscale.Quality:3]]
[2021.02.25-10.16.05:702][  0]LogConfig: Setting CVar [[r.Tonemapper.GrainQuantization:1]]
[2021.02.25-10.16.05:702][  0]LogConfig: Setting CVar [[r.LightShaftQuality:1]]
[2021.02.25-10.16.05:702][  0]LogConfig: Setting CVar [[r.Filter.SizeScale:1]]
[2021.02.25-10.16.05:702][  0]LogConfig: Setting CVar [[r.Tonemapper.Quality:5]]
[2021.02.25-10.16.05:702][  0]LogConfig: Setting CVar [[r.DOF.Gather.AccumulatorQuality:1        ; higher gathering accumulator quality]]
[2021.02.25-10.16.05:702][  0]LogConfig: Setting CVar [[r.DOF.Gather.PostfilterMethod:1          ; Median3x3 postfilering method]]
[2021.02.25-10.16.05:702][  0]LogConfig: Setting CVar [[r.DOF.Gather.EnableBokehSettings:0       ; no bokeh simulation when gathering]]
[2021.02.25-10.16.05:702][  0]LogConfig: Setting CVar [[r.DOF.Gather.RingCount:4                 ; medium number of samples when gathering]]
[2021.02.25-10.16.05:702][  0]LogConfig: Setting CVar [[r.DOF.Scatter.ForegroundCompositing:1    ; additive foreground scattering]]
[2021.02.25-10.16.05:702][  0]LogConfig: Setting CVar [[r.DOF.Scatter.BackgroundCompositing:2    ; additive background scattering]]
[2021.02.25-10.16.05:702][  0]LogConfig: Setting CVar [[r.DOF.Scatter.EnableBokehSettings:1      ; bokeh simulation when scattering]]
[2021.02.25-10.16.05:702][  0]LogConfig: Setting CVar [[r.DOF.Scatter.MaxSpriteRatio:0.1         ; only a maximum of 10% of scattered bokeh]]
[2021.02.25-10.16.05:702][  0]LogConfig: Setting CVar [[r.DOF.Recombine.Quality:1                ; cheap slight out of focus]]
[2021.02.25-10.16.05:702][  0]LogConfig: Setting CVar [[r.DOF.Recombine.EnableBokehSettings:0    ; no bokeh simulation on slight out of focus]]
[2021.02.25-10.16.05:702][  0]LogConfig: Setting CVar [[r.DOF.TemporalAAQuality:1                ; more stable temporal accumulation]]
[2021.02.25-10.16.05:702][  0]LogConfig: Setting CVar [[r.DOF.Kernel.MaxForegroundRadius:0.025]]
[2021.02.25-10.16.05:702][  0]LogConfig: Setting CVar [[r.DOF.Kernel.MaxBackgroundRadius:0.025]]
[2021.02.25-10.16.05:702][  0]LogConfig: Applying CVar settings from Section [TextureQuality@3] File [E:/Uni/year2/Sem2/Colab/Collab/Collaborative-practice/Saved/Config/Windows/Scalability.ini]
[2021.02.25-10.16.05:702][  0]LogConfig: Setting CVar [[r.Streaming.MipBias:0]]
[2021.02.25-10.16.05:702][  0]LogConfig: Setting CVar [[r.Streaming.AmortizeCPUToGPUCopy:0]]
[2021.02.25-10.16.05:702][  0]LogConfig: Setting CVar [[r.Streaming.MaxNumTexturesToStreamPerFrame:0]]
[2021.02.25-10.16.05:702][  0]LogConfig: Setting CVar [[r.Streaming.Boost:1]]
[2021.02.25-10.16.05:702][  0]LogConfig: Setting CVar [[r.MaxAnisotropy:8]]
[2021.02.25-10.16.05:702][  0]LogConfig: Setting CVar [[r.VT.MaxAnisotropy:8]]
[2021.02.25-10.16.05:702][  0]LogConfig: Setting CVar [[r.Streaming.LimitPoolSizeToVRAM:0]]
[2021.02.25-10.16.05:702][  0]LogConfig: Setting CVar [[r.Streaming.PoolSize:1000]]
[2021.02.25-10.16.05:702][  0]LogConfig: Setting CVar [[r.Streaming.MaxEffectiveScreenSize:0]]
[2021.02.25-10.16.05:702][  0]LogConfig: Applying CVar settings from Section [EffectsQuality@3] File [E:/Uni/year2/Sem2/Colab/Collab/Collaborative-practice/Saved/Config/Windows/Scalability.ini]
[2021.02.25-10.16.05:702][  0]LogConfig: Setting CVar [[r.TranslucencyLightingVolumeDim:64]]
[2021.02.25-10.16.05:702][  0]LogConfig: Setting CVar [[r.RefractionQuality:2]]
[2021.02.25-10.16.05:702][  0]LogConfig: Setting CVar [[r.SSR.Quality:3]]
[2021.02.25-10.16.05:702][  0]LogConfig: Setting CVar [[r.SSR.HalfResSceneColor:0]]
[2021.02.25-10.16.05:702][  0]LogConfig: Setting CVar [[r.SceneColorFormat:4]]
[2021.02.25-10.16.05:702][  0]LogConfig: Setting CVar [[r.DetailMode:2]]
[2021.02.25-10.16.05:702][  0]LogConfig: Setting CVar [[r.TranslucencyVolumeBlur:1]]
[2021.02.25-10.16.05:702][  0]LogConfig: Setting CVar [[r.MaterialQualityLevel:1 ; High quality]]
[2021.02.25-10.16.05:703][  0]LogConfig: Setting CVar [[r.SSS.Scale:1]]
[2021.02.25-10.16.05:703][  0]LogConfig: Setting CVar [[r.SSS.SampleSet:2]]
[2021.02.25-10.16.05:703][  0]LogConfig: Setting CVar [[r.SSS.Quality:1]]
[2021.02.25-10.16.05:703][  0]LogConfig: Setting CVar [[r.SSS.HalfRes:0]]
[2021.02.25-10.16.05:703][  0]LogConfig: Setting CVar [[r.SSGI.Quality:3]]
[2021.02.25-10.16.05:703][  0]LogConfig: Setting CVar [[r.EmitterSpawnRateScale:1.0]]
[2021.02.25-10.16.05:703][  0]LogConfig: Setting CVar [[r.ParticleLightQuality:2]]
[2021.02.25-10.16.05:703][  0]LogConfig: Setting CVar [[r.SkyAtmosphere.AerialPerspectiveLUT.FastApplyOnOpaque:1 ; Always have FastSkyLUT 1 in this case to avoid wrong sky]]
[2021.02.25-10.16.05:703][  0]LogConfig: Setting CVar [[r.SkyAtmosphere.AerialPerspectiveLUT.SampleCountPerSlice:1]]
[2021.02.25-10.16.05:703][  0]LogConfig: Setting CVar [[r.SkyAtmosphere.AerialPerspectiveLUT.DepthResolution:16.0]]
[2021.02.25-10.16.05:703][  0]LogConfig: Setting CVar [[r.SkyAtmosphere.FastSkyLUT:1]]
[2021.02.25-10.16.05:703][  0]LogConfig: Setting CVar [[r.SkyAtmosphere.FastSkyLUT.SampleCountMin:4.0]]
[2021.02.25-10.16.05:703][  0]LogConfig: Setting CVar [[r.SkyAtmosphere.FastSkyLUT.SampleCountMax:32.0]]
[2021.02.25-10.16.05:703][  0]LogConfig: Setting CVar [[r.SkyAtmosphere.SampleCountMin:4.0]]
[2021.02.25-10.16.05:703][  0]LogConfig: Setting CVar [[r.SkyAtmosphere.SampleCountMax:32.0]]
[2021.02.25-10.16.05:703][  0]LogConfig: Setting CVar [[r.SkyAtmosphere.TransmittanceLUT.UseSmallFormat:0]]
[2021.02.25-10.16.05:703][  0]LogConfig: Setting CVar [[r.SkyAtmosphere.TransmittanceLUT.SampleCount:10.0]]
[2021.02.25-10.16.05:703][  0]LogConfig: Setting CVar [[r.SkyAtmosphere.MultiScatteringLUT.SampleCount:15.0]]
[2021.02.25-10.16.05:703][  0]LogConfig: Applying CVar settings from Section [FoliageQuality@3] File [E:/Uni/year2/Sem2/Colab/Collab/Collaborative-practice/Saved/Config/Windows/Scalability.ini]
[2021.02.25-10.16.05:703][  0]LogConfig: Setting CVar [[foliage.DensityScale:1.0]]
[2021.02.25-10.16.05:703][  0]LogConfig: Setting CVar [[grass.DensityScale:1.0]]
[2021.02.25-10.16.05:703][  0]LogConfig: Applying CVar settings from Section [ShadingQuality@3] File [E:/Uni/year2/Sem2/Colab/Collab/Collaborative-practice/Saved/Config/Windows/Scalability.ini]
[2021.02.25-10.16.05:703][  0]LogConfig: Setting CVar [[r.HairStrands.SkyLighting.SampleCount:16]]
[2021.02.25-10.16.05:703][  0]LogConfig: Setting CVar [[r.HairStrands.SkyLighting.JitterIntegration:0]]
[2021.02.25-10.16.05:703][  0]LogConfig: Setting CVar [[r.HairStrands.SkyAO.SampleCount:16]]
[2021.02.25-10.16.05:703][  0]LogConfig: Setting CVar [[r.HairStrands.DeepShadow.SuperSampling:0]]
[2021.02.25-10.16.05:703][  0]LogConfig: Setting CVar [[r.HairStrands.VisibilityPPLL:0]]
[2021.02.25-10.16.05:703][  0]LogConfig: Setting CVar [[r.HairStrands.RasterizationScale:0.5]]
[2021.02.25-10.16.05:703][  0]LogConfig: Setting CVar [[r.HairStrands.VelocityRasterizationScale:1]]
[2021.02.25-10.16.05:703][  0]LogConfig: Applying CVar settings from Section [Startup] File [../../../Engine/Config/ConsoleVariables.ini]
[2021.02.25-10.16.05:716][  0]LogConfig: Setting CVar [[net.UseAdaptiveNetUpdateFrequency:0]]
[2021.02.25-10.16.05:716][  0]LogConfig: Setting CVar [[p.chaos.AllowCreatePhysxBodies:1]]
[2021.02.25-10.16.05:716][  0]LogConfig: Setting CVar [[fx.SkipVectorVMBackendOptimizations:1]]
[2021.02.25-10.16.05:716][  0]LogConfig: Applying CVar settings from Section [ConsoleVariables] File [E:/Uni/year2/Sem2/Colab/Collab/Collaborative-practice/Saved/Config/Windows/Engine.ini]
[2021.02.25-10.16.05:716][  0]LogInit: Computer: GAMING-DESKTOP
[2021.02.25-10.16.05:716][  0]LogInit: User: Callum
[2021.02.25-10.16.05:716][  0]LogInit: CPU Page size=4096, Cores=4
[2021.02.25-10.16.05:716][  0]LogInit: High frequency timer resolution =10.000000 MHz
[2021.02.25-10.16.05:717][  0]LogMemory: Memory total: Physical=15.7GB (16GB approx)
[2021.02.25-10.16.05:717][  0]LogMemory: Platform Memory Stats for Windows
[2021.02.25-10.16.05:717][  0]LogMemory: Process Physical Memory: 122.22 MB used, 122.23 MB peak
[2021.02.25-10.16.05:717][  0]LogMemory: Process Virtual Memory: 99.27 MB used, 99.27 MB peak
[2021.02.25-10.16.05:717][  0]LogMemory: Physical Memory: 8360.79 MB used,  7710.31 MB free, 16071.09 MB total
[2021.02.25-10.16.05:717][  0]LogMemory: Virtual Memory: 5170.67 MB used,  134212560.00 MB free, 134217728.00 MB total
[2021.02.25-10.16.05:763][  0]LogWindows: WindowsPlatformFeatures enabled
[2021.02.25-10.16.06:655][  0]LogInit: Physics initialised using underlying interface: PhysX
[2021.02.25-10.16.06:667][  0]LogInit: Using OS detected language (en-GB).
[2021.02.25-10.16.06:667][  0]LogInit: Using OS detected locale (en-GB).
[2021.02.25-10.16.06:772][  0]LogTextLocalizationManager: No specific localization for 'en-GB' exists, so the 'en' localization will be used.
[2021.02.25-10.16.08:032][  0]LogInit: Setting process to per monitor DPI aware
[2021.02.25-10.16.08:653][  0]LogSlate: New Slate User Created.  User Index 0, Is Virtual User: 0
[2021.02.25-10.16.08:654][  0]LogSlate: Slate User Registered.  User Index 0, Is Virtual User: 0
[2021.02.25-10.16.09:692][  0]LogHMD: Failed to initialize OpenVR with code 126
[2021.02.25-10.16.09:692][  0]LogD3D11RHI: D3D11 min allowed feature level: 11_0
[2021.02.25-10.16.09:692][  0]LogD3D11RHI: D3D11 max allowed feature level: 11_0
[2021.02.25-10.16.09:692][  0]LogD3D11RHI: D3D11 adapters:
[2021.02.25-10.16.09:980][  0]LogD3D11RHI:    0. 'NVIDIA GeForce GTX 1080' (Feature Level 11_0)
[2021.02.25-10.16.09:980][  0]LogD3D11RHI:       8079/0/8035 MB DedicatedVideo/DedicatedSystem/SharedSystem, Outputs:2, VendorId:0x10de
[2021.02.25-10.16.09:993][  0]LogD3D11RHI:    1. 'Intel(R) HD Graphics 4600' (Feature Level 11_0)
[2021.02.25-10.16.09:994][  0]LogD3D11RHI:       112/0/2048 MB DedicatedVideo/DedicatedSystem/SharedSystem, Outputs:0, VendorId:0x8086
[2021.02.25-10.16.10:001][  0]LogD3D11RHI:    2. 'Microsoft Basic Render Driver' (Feature Level 11_0)
[2021.02.25-10.16.10:001][  0]LogD3D11RHI:       0/0/8035 MB DedicatedVideo/DedicatedSystem/SharedSystem, Outputs:0, VendorId:0x1414
[2021.02.25-10.16.10:001][  0]LogD3D11RHI: Chosen D3D11 Adapter: 0
[2021.02.25-10.16.10:013][  0]LogD3D11RHI: Creating new Direct3DDevice
[2021.02.25-10.16.10:013][  0]LogD3D11RHI:     GPU DeviceId: 0x1b80 (for the marketing name, search the web for "GPU Device Id")
[2021.02.25-10.16.10:013][  0]LogWindows: EnumDisplayDevices:
[2021.02.25-10.16.10:013][  0]LogWindows:    0. 'Intel(R) HD Graphics 4600' (P:1 D:1)
[2021.02.25-10.16.10:014][  0]LogWindows:    1. 'Intel(R) HD Graphics 4600' (P:0 D:1)
[2021.02.25-10.16.10:015][  0]LogWindows:    2. 'Intel(R) HD Graphics 4600' (P:0 D:0)
[2021.02.25-10.16.10:016][  0]LogWindows:    3. 'NVIDIA GeForce GTX 1080' (P:0 D:0)
[2021.02.25-10.16.10:016][  0]LogWindows:    4. 'NVIDIA GeForce GTX 1080' (P:0 D:0)
[2021.02.25-10.16.10:017][  0]LogWindows:    5. 'NVIDIA GeForce GTX 1080' (P:0 D:0)
[2021.02.25-10.16.10:017][  0]LogWindows:    6. 'NVIDIA GeForce GTX 1080' (P:0 D:0)
[2021.02.25-10.16.10:018][  0]LogWindows: DebugString: PrimaryIsNotTheChoosenAdapter PrimaryIsNotTheChoosenAdapter PrimaryIsNotTheChoosenAdapter FoundDriverCount:4 
[2021.02.25-10.16.10:018][  0]LogD3D11RHI:     Adapter Name: NVIDIA GeForce GTX 1080
[2021.02.25-10.16.10:018][  0]LogD3D11RHI:   Driver Version: 460.89 (internal:27.21.14.6089, unified:460.89)
[2021.02.25-10.16.10:018][  0]LogD3D11RHI:      Driver Date: 12-11-2020
[2021.02.25-10.16.10:018][  0]LogRHI: Texture pool is 5655 MB (70% of 8079 MB)
[2021.02.25-10.16.10:126][  0]LogD3D11RHI: RHI has support for 64 bit atomics
[2021.02.25-10.16.10:127][  0]LogD3D11RHI: Async texture creation enabled
[2021.02.25-10.16.10:127][  0]LogD3D11RHI: Array index from any shader is supported
[2021.02.25-10.16.11:001][  0]LogD3D11RHI: GPU Timing Frequency: 1000.000000 (Debug: 2 1)
[2021.02.25-10.16.12:224][  0]LogTargetPlatformManager: Display: Loaded TargetPlatform 'AllDesktop'
[2021.02.25-10.16.12:313][  0]LogTargetPlatformManager: Display: Loaded TargetPlatform 'Android'
[2021.02.25-10.16.12:313][  0]LogTargetPlatformManager: Display: Loaded TargetPlatform 'Android_ASTC'
[2021.02.25-10.16.12:313][  0]LogTargetPlatformManager: Display: Loaded TargetPlatform 'Android_DXT'
[2021.02.25-10.16.12:313][  0]LogTargetPlatformManager: Display: Loaded TargetPlatform 'Android_ETC2'
[2021.02.25-10.16.12:313][  0]LogTargetPlatformManager: Display: Loaded TargetPlatform 'AndroidClient'
[2021.02.25-10.16.12:313][  0]LogTargetPlatformManager: Display: Loaded TargetPlatform 'Android_ASTCClient'
[2021.02.25-10.16.12:313][  0]LogTargetPlatformManager: Display: Loaded TargetPlatform 'Android_DXTClient'
[2021.02.25-10.16.12:313][  0]LogTargetPlatformManager: Display: Loaded TargetPlatform 'Android_ETC2Client'
[2021.02.25-10.16.12:313][  0]LogTargetPlatformManager: Display: Loaded TargetPlatform 'Android_Multi'
[2021.02.25-10.16.12:313][  0]LogTargetPlatformManager: Display: Loaded TargetPlatform 'Android_MultiClient'
[2021.02.25-10.16.12:451][  0]LogTargetPlatformManager: Display: Loaded TargetPlatform 'IOSClient'
[2021.02.25-10.16.12:451][  0]LogTargetPlatformManager: Display: Loaded TargetPlatform 'IOS'
[2021.02.25-10.16.12:518][  0]LogTargetPlatformManager: Display: Loaded TargetPlatform 'Linux'
[2021.02.25-10.16.12:549][  0]LogTargetPlatformManager: Display: Loaded TargetPlatform 'LinuxNoEditor'
[2021.02.25-10.16.12:571][  0]LogTargetPlatformManager: Display: Loaded TargetPlatform 'LinuxClient'
[2021.02.25-10.16.12:595][  0]LogTargetPlatformManager: Display: Loaded TargetPlatform 'LinuxServer'
[2021.02.25-10.16.12:617][  0]LogTargetPlatformManager: Display: Loaded TargetPlatform 'LinuxAArch64NoEditor'
[2021.02.25-10.16.12:640][  0]LogTargetPlatformManager: Display: Loaded TargetPlatform 'LinuxAArch64Client'
[2021.02.25-10.16.12:660][  0]LogTargetPlatformManager: Display: Loaded TargetPlatform 'LinuxAArch64Server'
[2021.02.25-10.16.12:722][  0]LogTargetPlatformManager: Display: Loaded TargetPlatform 'Lumin'
[2021.02.25-10.16.12:722][  0]LogTargetPlatformManager: Display: Loaded TargetPlatform 'LuminClient'
[2021.02.25-10.16.12:768][  0]LogTargetPlatformManager: Display: Loaded TargetPlatform 'TVOSClient'
[2021.02.25-10.16.12:768][  0]LogTargetPlatformManager: Display: Loaded TargetPlatform 'TVOS'
[2021.02.25-10.16.12:862][  0]LogTargetPlatformManager: Display: Loaded TargetPlatform 'WindowsNoEditor'
[2021.02.25-10.16.12:900][  0]LogTargetPlatformManager: Display: Loaded TargetPlatform 'Windows'
[2021.02.25-10.16.12:932][  0]LogTargetPlatformManager: Display: Loaded TargetPlatform 'WindowsClient'
[2021.02.25-10.16.12:975][  0]LogTargetPlatformManager: Display: Loaded TargetPlatform 'WindowsServer'
[2021.02.25-10.16.12:976][  0]LogTargetPlatformManager: Display: Building Assets For Windows
[2021.02.25-10.16.13:215][  0]LogAudioDebug: Display: Lib vorbis DLL was dynamically loaded.
[2021.02.25-10.16.14:358][  0]LogShaderCompilers: Guid format shader working directory is -7 characters bigger than the processId version (E:/Uni/year2/Sem2/Colab/Collab/Collaborative-practice/Intermediate/Shaders/WorkingDirectory/10584/).
[2021.02.25-10.16.14:359][  0]LogShaderCompilers: Cleaned the shader compiler working directory 'C:/Users/Callum/AppData/Local/Temp/UnrealShaderWorkingDir/F38DB86A41D574F6541AD88F4AC04566/'.
[2021.02.25-10.16.14:377][  0]LogXGEController: Cleaning working directory: C:/Users/Callum/AppData/Local/Temp/UnrealXGEWorkingDir/
[2021.02.25-10.16.14:378][  0]LogXGEController: Cannot use XGE Controller as Incredibuild is not installed on this machine.
[2021.02.25-10.16.14:378][  0]LogShaderCompilers: Cannot use XGE Shader Compiler as Incredibuild is not installed on this machine.
[2021.02.25-10.16.14:378][  0]LogShaderCompilers: Display: Using Local Shader Compiler.
[2021.02.25-10.16.16:789][  0]LogDerivedDataCache: Display: Max Cache Size: 512 MB
[2021.02.25-10.16.17:294][  0]LogDerivedDataCache: Loaded boot cache 0.50s 79MB C:/Users/Callum/AppData/Local/UnrealEngine/4.25/DerivedDataCache/Boot.ddc.
[2021.02.25-10.16.17:294][  0]LogDerivedDataCache: Display: Loaded Boot cache: C:/Users/Callum/AppData/Local/UnrealEngine/4.25/DerivedDataCache/Boot.ddc
[2021.02.25-10.16.17:294][  0]LogDerivedDataCache: FDerivedDataBackendGraph:  Pak pak cache file E:/Uni/year2/Sem2/Colab/Collab/Collaborative-practice/DerivedDataCache/DDC.ddp not found, will not use a pak cache.
[2021.02.25-10.16.17:294][  0]LogDerivedDataCache: Unable to find inner node Pak for hierarchical cache Hierarchy.
[2021.02.25-10.16.17:294][  0]LogDerivedDataCache: FDerivedDataBackendGraph:  CompressedPak pak cache file E:/Uni/year2/Sem2/Colab/Collab/Collaborative-practice/DerivedDataCache/Compressed.ddp not found, will not use a pak cache.
[2021.02.25-10.16.17:295][  0]LogDerivedDataCache: Unable to find inner node CompressedPak for hierarchical cache Hierarchy.
[2021.02.25-10.16.17:358][  0]LogDerivedDataCache: Display: Pak cache opened for reading ../../../Engine/DerivedDataCache/Compressed.ddp.
[2021.02.25-10.16.17:359][  0]LogDerivedDataCache: FDerivedDataBackendGraph:  EnterprisePak pak cache file ../../../Enterprise/DerivedDataCache/Compressed.ddp not found, will not use a pak cache.
[2021.02.25-10.16.17:359][  0]LogDerivedDataCache: Unable to find inner node EnterprisePak for hierarchical cache Hierarchy.
[2021.02.25-10.16.17:363][  0]LogDerivedDataCache: Using Local data cache path C:/Users/Callum/AppData/Local/UnrealEngine/Common/DerivedDataCache: Writable
[2021.02.25-10.16.17:363][  0]LogDerivedDataCache: Shared data cache path not found in *engine.ini, will not use an Shared cache.
[2021.02.25-10.16.17:363][  0]LogDerivedDataCache: Unable to find inner node Shared for hierarchical cache Hierarchy.
[2021.02.25-10.16.17:518][  0]LogSlate: Using FreeType 2.10.0
[2021.02.25-10.16.17:628][  0]LogSlate: SlateFontServices - WITH_FREETYPE: 1, WITH_HARFBUZZ: 1
[2021.02.25-10.16.19:301][  0]LogAssetRegistry: FAssetRegistry took 0.0034 seconds to start up
[2021.02.25-10.16.25:765][  0]LogInit: Selected Device Profile: [Windows]
[2021.02.25-10.16.27:269][  0]LogMeshReduction: Using QuadricMeshReduction for automatic static mesh reduction
[2021.02.25-10.16.27:269][  0]LogMeshReduction: Using SimplygonMeshReduction for automatic skeletal mesh reduction
[2021.02.25-10.16.27:269][  0]LogMeshReduction: Using ProxyLODMeshReduction for automatic mesh merging
[2021.02.25-10.16.27:269][  0]LogMeshReduction: No distributed automatic mesh merging module available
[2021.02.25-10.16.27:269][  0]LogMeshMerging: No distributed automatic mesh merging module available
[2021.02.25-10.16.27:619][  0]LogNetVersion: Collab 1.0.0, NetCL: 13144385, EngineNetVer: 14, GameNetVer: 0 (Checksum: 1890971174)
[2021.02.25-10.16.45:931][  0]LogAISub: UAISubsystem::UAISubsystem AISubsystem (000002C92EA16980), frame # 0
[2021.02.25-10.16.45:931][  0]LogAISub: UAISubsystem::UAISubsystem AIPerceptionSystem (000002C92E8D6AC0), frame # 0
[2021.02.25-10.16.45:946][  0]LogAISub: UAISubsystem::UAISubsystem EnvQueryManager (000002C92EA1EA00), frame # 0
[2021.02.25-10.16.46:210][  0]LogPackageLocalizationCache: Processed 19 localized package path(s) for 1 prioritized culture(s) in 0.119384 seconds
[2021.02.25-10.16.46:226][  0]LogUObjectArray: 15917 objects as part of root set at end of initial load.
[2021.02.25-10.16.46:226][  0]LogUObjectAllocator: 3965568 out of 0 bytes used by permanent object pool.
[2021.02.25-10.16.46:226][  0]LogUObjectArray: CloseDisregardForGC: 0/0 objects in disregard for GC pool
[2021.02.25-10.16.51:127][  0]LogTcpMessaging: Initializing TcpMessaging bridge
[2021.02.25-10.16.51:159][  0]LogUdpMessaging: Initializing bridge on interface 0.0.0.0:0 to multicast group 230.0.0.1:6666.
[2021.02.25-10.16.51:828][  0]SourceControl: Source control is disabled
[2021.02.25-10.16.51:828][  0]SourceControl: Source control is disabled
[2021.02.25-10.16.51:925][  0]SourceControl: Source control is disabled
[2021.02.25-10.16.51:955][  0]SourceControl: Source control is disabled
[2021.02.25-10.16.52:027][  0]SourceControl: Source control is disabled
[2021.02.25-10.16.54:581][  0]LogAndroidPermission: UAndroidPermissionCallbackProxy::GetInstance
[2021.02.25-10.16.54:775][  0]LogAudioCaptureCore: Display: No Audio Capture implementations found. Audio input will be silent.
[2021.02.25-10.16.54:775][  0]LogAudioCaptureCore: Display: No Audio Capture implementations found. Audio input will be silent.
[2021.02.25-10.16.55:112][  0]LogOcInput: OculusInput pre-init called
[2021.02.25-10.16.56:536][  0]LogEngine: Initializing Engine...
[2021.02.25-10.16.56:696][  0]LogHMD: Failed to initialize OpenVR with code 126
[2021.02.25-10.16.56:696][  0]LogMagicLeap: Warning: VR disabled because ZI is not enabled.  To enable, in the editor, Edit -> Project Settings -> Plugins -> Magic Leap Plugin -> Enable Zero Iteration
[2021.02.25-10.16.56:727][  0]LogStats: UGameplayTagsManager::InitializeManager -  0.000 s
[2021.02.25-10.16.58:274][  0]LogInit: Initializing FReadOnlyCVARCache
[2021.02.25-10.16.58:599][  0]LogAIModule: Creating AISystem for world Untitled
[2021.02.25-10.16.58:599][  0]LogAISub: UAISubsystem::UAISubsystem EnvQueryManager (000002C9322C9600), frame # 0
[2021.02.25-10.16.58:607][  0]LogAISub: UAISubsystem::UAISubsystem AIPerceptionSystem (000002C9322FA980), frame # 0
[2021.02.25-10.16.58:811][  0]LogAudioMixer: Display: Audio Mixer Platform Settings:
[2021.02.25-10.16.58:811][  0]LogAudioMixer: Display: 	Sample Rate:						  48000
[2021.02.25-10.16.58:811][  0]LogAudioMixer: Display: 	Callback Buffer Frame Size Requested: 1024
[2021.02.25-10.16.58:811][  0]LogAudioMixer: Display: 	Callback Buffer Frame Size To Use:	  1024
[2021.02.25-10.16.58:811][  0]LogAudioMixer: Display: 	Number of buffers to queue:			  2
[2021.02.25-10.16.58:811][  0]LogAudioMixer: Display: 	Max Channels (voices):				  32
[2021.02.25-10.16.58:811][  0]LogAudioMixer: Display: 	Number of Async Source Workers:		  0
[2021.02.25-10.16.58:811][  0]LogAudio: Display: AudioDevice MaxSources: 32
[2021.02.25-10.16.58:812][  0]LogAudio: Display: Using built-in audio occlusion.
[2021.02.25-10.16.58:812][  0]LogAudioMixer: Display: Initializing audio mixer.
[2021.02.25-10.16.58:928][  0]LogAudioMixer: Display: 0: FrontLeft
[2021.02.25-10.16.58:928][  0]LogAudioMixer: Display: 1: FrontRight
[2021.02.25-10.16.59:392][  0]LogAudioMixer: Display: Using Audio Device Headphones (High Definition Audio Device)
[2021.02.25-10.16.59:393][  0]LogAudioMixer: Display: Initializing Sound Submixes...
[2021.02.25-10.16.59:448][  0]LogAudioMixer: Display: Creating Master Submix 'MasterSubmixDefault'
[2021.02.25-10.16.59:448][  0]LogAudioMixer: Display: Creating Master Submix 'MasterReverbSubmixDefault'
[2021.02.25-10.16.59:450][  0]LogAudioMixer: Display: Creating Master Submix 'MasterEQSubmixDefault'
[2021.02.25-10.16.59:455][  0]LogInit: FAudioDevice initialized.
[2021.02.25-10.16.59:456][  0]LogNetVersion: Set ProjectVersion to 1.0.0.0. Version Checksum will be recalculated on next use.
[2021.02.25-10.16.59:818][  0]LogDerivedDataCache: Saved boot cache 0.36s 79MB C:/Users/Callum/AppData/Local/UnrealEngine/4.25/DerivedDataCache/Boot.ddc.
[2021.02.25-10.16.59:818][  0]LogInit: Texture streaming: Enabled
[2021.02.25-10.17.00:019][  0]LogEngineSessionManager: EngineSessionManager initialized
[2021.02.25-10.17.00:019][  0]LogEditorSessionSummary: Verbose: Initializing EditorSessionSummaryWriter for editor session tracking
[2021.02.25-10.17.00:041][  0]LogEditorSessionSummary: EditorSessionSummaryWriter initialized
[2021.02.25-10.17.01:161][  0]LogInit: Transaction tracking system initialized
[2021.02.25-10.17.01:578][  0]BlueprintLog: New page: Editor Load
[2021.02.25-10.17.02:842][  0]LocalizationService: Localization service is disabled
[2021.02.25-10.17.07:152][  0]LogFileCache: Scanning file cache for directory 'E:/Uni/year2/Sem2/Colab/Collab/Collaborative-practice/Content/' took 0.01s
[2021.02.25-10.17.07:152][  0]LogCook: Display: Max memory allowance for cook 16384mb min free memory 0mb
[2021.02.25-10.17.07:193][  0]LogCook: Display: Mobile HDR setting 1
[2021.02.25-10.17.12:971][  0]SourceControl: Source control is disabled
[2021.02.25-10.17.12:999][  0]LogUnrealEdMisc: Loading editor; pre map load, took 99.936
[2021.02.25-10.17.13:014][  0]Cmd: MAP LOAD FILE="E:/Uni/year2/Sem2/Colab/Collab/Collaborative-practice/Content/StarterContent/Maps/Minimal_Default.umap" TEMPLATE=0 SHOWPROGRESS=1 FEATURELEVEL=3
[2021.02.25-10.17.13:015][  0]LightingResults: New page: Lighting Build
[2021.02.25-10.17.13:092][  0]LogWorld: UWorld::CleanupWorld for Untitled, bSessionEnded=true, bCleanupResources=true
[2021.02.25-10.17.13:119][  0]LogSlate: InvalidateAllWidgets triggered.  All widgets were invalidated
[2021.02.25-10.17.13:119][  0]MapCheck: New page: Map Check
[2021.02.25-10.17.13:119][  0]LightingResults: New page: Lighting Build
[2021.02.25-10.17.13:248][  0]LogAISub: UAISubsystem::~UAISubsystem EnvQueryManager (000002C9322C9600), frame # 0
[2021.02.25-10.17.13:248][  0]LogAISub: UAISubsystem::~UAISubsystem AIPerceptionSystem (000002C9322FA980), frame # 0
[2021.02.25-10.17.13:260][  0]LogUObjectHash: Compacting FUObjectHashTables data took   0.91ms
[2021.02.25-10.17.14:368][  0]LogAIModule: Creating AISystem for world Minimal_Default
[2021.02.25-10.17.14:369][  0]LogAISub: UAISubsystem::UAISubsystem EnvQueryManager (000002C924755400), frame # 0
[2021.02.25-10.17.14:369][  0]LogAISub: UAISubsystem::UAISubsystem AIPerceptionSystem (000002C92379D080), frame # 0
[2021.02.25-10.17.14:795][  0]LogEditorServer: Finished looking for orphan Actors (0.000 secs)
[2021.02.25-10.17.14:962][  0]LogUObjectHash: Compacting FUObjectHashTables data took   0.85ms
[2021.02.25-10.17.14:963][  0]Cmd: MAP CHECKDEP NOCLEARLOG
[2021.02.25-10.17.14:966][  0]MapCheck: Map check complete: 0 Error(s), 0 Warning(s), took 2.986ms to complete.
[2021.02.25-10.17.14:966][  0]LogFileHelpers: Loading map 'Minimal_Default' took 1.952
[2021.02.25-10.17.15:206][  0]LogUnrealEdMisc: Total Editor Startup Time, took 102.143
[2021.02.25-10.17.15:811][  0]LogSlate: Updating window title bar state: overlay mode, drag disabled, window buttons hidden, title bar hidden
[2021.02.25-10.17.15:820][  0]LogSlate: Updating window title bar state: overlay mode, drag disabled, window buttons hidden, title bar hidden
[2021.02.25-10.17.15:830][  0]LogSlate: Updating window title bar state: overlay mode, drag disabled, window buttons hidden, title bar hidden
[2021.02.25-10.17.15:837][  0]LogSlate: Updating window title bar state: overlay mode, drag disabled, window buttons hidden, title bar hidden
[2021.02.25-10.17.15:971][  0]LogCollectionManager: Loaded 0 collections in 0.001742 seconds
[2021.02.25-10.17.16:120][  0]LogFileCache: Scanning file cache for directory 'E:/Uni/year2/Sem2/Colab/Collab/Collaborative-practice/Saved/Collections/' took 0.00s
[2021.02.25-10.17.16:120][  0]LogFileCache: Scanning file cache for directory 'E:/Uni/year2/Sem2/Colab/Collab/Collaborative-practice/Content/Developers/Callum/Collections/' took 0.00s
[2021.02.25-10.17.16:121][  0]LogFileCache: Scanning file cache for directory 'E:/Uni/year2/Sem2/Colab/Collab/Collaborative-practice/Content/Collections/' took 0.00s
[2021.02.25-10.17.16:121][  0]LogContentBrowser: Native class hierarchy populated in 0.0206 seconds. Added 3428 classes and 823 folders.
[2021.02.25-10.17.16:148][  0]LogContentBrowser: Native class hierarchy updated for 'WidgetCarousel' in 0.0004 seconds. Added 0 classes and 0 folders.
[2021.02.25-10.17.17:687][  0]LogContentBrowser: Native class hierarchy updated for 'AddContentDialog' in 0.0005 seconds. Added 0 classes and 0 folders.
[2021.02.25-10.17.17:699][  0]LogContentBrowser: Native class hierarchy updated for 'SceneOutliner' in 0.0006 seconds. Added 2 classes and 0 folders.
[2021.02.25-10.17.18:470][  0]LogSlate: Took 0.021198 seconds to synchronously load lazily loaded font '../../../Engine/Content/Slate/Fonts/Roboto-Regular.ttf' (155K)
[2021.02.25-10.17.18:513][  0]LogSlate: Took 0.020905 seconds to synchronously load lazily loaded font '../../../Engine/Content/Slate/Fonts/Roboto-Bold.ttf' (160K)
[2021.02.25-10.17.18:548][  0]LogSlate: Took 0.011718 seconds to synchronously load lazily loaded font '../../../Engine/Content/Editor/Slate/Fonts/FontAwesome.ttf' (139K)
[2021.02.25-10.17.18:911][  0]LogRenderer: Reallocating scene render targets to support 1208x572 Format 10 NumSamples 1 (Frame:1).
[2021.02.25-10.17.19:644][  0]LogContentBrowser: Native class hierarchy updated for 'HierarchicalLODOutliner' in 0.0010 seconds. Added 0 classes and 0 folders.
[2021.02.25-10.17.19:645][  0]LogLoad: (Engine Initialization) Total time: 106.58 seconds
[2021.02.25-10.17.19:645][  0]LogLoad: (Engine Initialization) Total Blueprint compile time: 0.00 seconds
[2021.02.25-10.17.20:184][  0]LogContentStreaming: Texture pool size now 1000 MB
[2021.02.25-10.17.20:335][  0]LogSlate: Took 0.009162 seconds to synchronously load lazily loaded font '../../../Engine/Content/Slate/Fonts/Roboto-Light.ttf' (167K)
[2021.02.25-10.17.20:389][  1]LogAssetRegistry: Asset discovery search completed in 61.0885 seconds
[2021.02.25-10.17.20:396][  1]LogCollectionManager: Fixed up redirectors for 0 collections in 0.000011 seconds (updated 0 objects)
[2021.02.25-10.18.30:012][749]LogEditorViewport: Clicking on Actor (LMB): StaticMeshActor (Floor)
[2021.02.25-10.18.39:575][749]LogEditorViewport: Clicking on Actor (LMB): StaticMeshActor (Floor)
[2021.02.25-10.18.39:764][749]LogEditorViewport: Clicking on Actor (LMB): StaticMeshActor (Floor)
[2021.02.25-10.18.39:879][749]LogEditorViewport: Clicking on Actor (LMB): BP_Sky_Sphere_C (BP_Sky_Sphere)
[2021.02.25-10.18.45:359][750]LogEditorViewport: Clicking on Actor (LMB): StaticMeshActor (Floor)
[2021.02.25-10.18.45:383][750]LogEditorViewport: Clicking on Actor (LMB): StaticMeshActor (Floor)
[2021.02.25-10.18.49:470][760]LogEditorViewport: Clicking on Actor (LMB): BP_Sky_Sphere_C (BP_Sky_Sphere)
[2021.02.25-10.18.52:157][ 34]LogEditorViewport: Clicking on Actor (LMB): StaticMeshActor (Floor)
[2021.02.25-10.18.54:906][249]Cmd: DELETE
[2021.02.25-10.18.54:906][249]Cmd: ACTOR DELETE
[2021.02.25-10.18.59:077][249]LogEditorActor: Deleted Actor: StaticMeshActor
[2021.02.25-10.19.00:189][249]LogUObjectHash: Compacting FUObjectHashTables data took   0.62ms
[2021.02.25-10.19.00:261][249]LogEditorActor: Deleted 1 Actors (3.819 secs)
[2021.02.25-10.19.00:281][249]LogEditorSelectUtils: Warning: SelectActor: The requested operation could not be completed because the actor has invalid flags. (Floor)
[2021.02.25-10.19.00:291][249]LogEditorViewport: Clicking on Actor (LMB): BP_Sky_Sphere_C (BP_Sky_Sphere)
[2021.02.25-10.19.00:308][249]LogEditorViewport: Clicking on Actor (LMB): BP_Sky_Sphere_C (BP_Sky_Sphere)
[2021.02.25-10.19.00:319][249]LogEditorViewport: Clicking on Actor (LMB): BP_Sky_Sphere_C (BP_Sky_Sphere)
[2021.02.25-10.19.00:331][249]LogEditorViewport: Clicking on Actor (LMB): BP_Sky_Sphere_C (BP_Sky_Sphere)
[2021.02.25-10.19.01:658][391]LogEditorViewport: Clicking on Actor (LMB): StaticMeshActor (Floor)
[2021.02.25-10.19.01:974][424]Cmd: DELETE
[2021.02.25-10.19.01:974][424]Cmd: ACTOR DELETE
[2021.02.25-10.19.02:014][424]LogEditorActor: Deleted Actor: StaticMeshActor
[2021.02.25-10.19.02:022][424]LogUObjectHash: Compacting FUObjectHashTables data took   0.27ms
[2021.02.25-10.19.02:023][424]LogEditorActor: Deleted 1 Actors (0.049 secs)
[2021.02.25-10.19.02:799][513]LogEditorViewport: Clicking on Actor (LMB): StaticMeshActor (Sphere)
[2021.02.25-10.19.03:785][623]Cmd: DELETE
[2021.02.25-10.19.03:785][623]Cmd: ACTOR DELETE
[2021.02.25-10.19.03:786][623]LogEditorActor: Deleted Actor: StaticMeshActor
[2021.02.25-10.19.03:795][623]LogUObjectHash: Compacting FUObjectHashTables data took   0.27ms
[2021.02.25-10.19.03:796][623]LogEditorActor: Deleted 1 Actors (0.011 secs)
[2021.02.25-10.19.04:319][684]LogEditorViewport: Clicking on Actor (LMB): StaticMeshActor (Table)
[2021.02.25-10.19.04:684][723]Cmd: DELETE
[2021.02.25-10.19.04:684][723]Cmd: ACTOR DELETE
[2021.02.25-10.19.04:685][723]LogEditorActor: Deleted Actor: StaticMeshActor
[2021.02.25-10.19.04:694][723]LogUObjectHash: Compacting FUObjectHashTables data took   0.27ms
[2021.02.25-10.19.04:695][723]LogEditorActor: Deleted 1 Actors (0.011 secs)
[2021.02.25-10.19.05:053][766]LogEditorViewport: Clicking on Actor (LMB): StaticMeshActor (Chair)
[2021.02.25-10.19.05:184][776]Cmd: DELETE
[2021.02.25-10.19.05:184][776]Cmd: ACTOR DELETE
[2021.02.25-10.19.05:185][776]LogEditorActor: Deleted Actor: StaticMeshActor
[2021.02.25-10.19.05:193][776]LogUObjectHash: Compacting FUObjectHashTables data took   0.29ms
[2021.02.25-10.19.05:194][776]LogEditorActor: Deleted 1 Actors (0.011 secs)
[2021.02.25-10.19.06:015][874]LogEditorViewport: Clicking on Actor (LMB): BP_Sky_Sphere_C (BP_Sky_Sphere)
[2021.02.25-10.19.06:544][931]LogEditorViewport: Clicking on Actor (LMB): StaticMeshActor (Statue)
[2021.02.25-10.19.06:939][971]Cmd: DELETE
[2021.02.25-10.19.06:939][971]Cmd: ACTOR DELETE
[2021.02.25-10.19.06:940][971]LogEditorActor: Deleted Actor: StaticMeshActor
[2021.02.25-10.19.06:948][971]LogUObjectHash: Compacting FUObjectHashTables data took   0.26ms
[2021.02.25-10.19.06:950][971]LogEditorActor: Deleted 1 Actors (0.010 secs)
[2021.02.25-10.19.07:349][ 19]LogEditorViewport: Clicking on Actor (LMB): StaticMeshActor (Chair)
[2021.02.25-10.19.07:621][ 45]Cmd: DELETE
[2021.02.25-10.19.07:621][ 45]Cmd: ACTOR DELETE
[2021.02.25-10.19.07:622][ 45]LogEditorActor: Deleted Actor: StaticMeshActor
[2021.02.25-10.19.07:630][ 45]LogUObjectHash: Compacting FUObjectHashTables data took   0.27ms
[2021.02.25-10.19.07:632][ 45]LogEditorActor: Deleted 1 Actors (0.011 secs)
[2021.02.25-10.20.41:340][805]LogSlate: Took 0.123722 seconds to synchronously load lazily loaded font '../../../Engine/Content/Slate/Fonts/Roboto-Light.ttf' (167K)
[2021.02.25-10.20.41:592][805]LogAssetEditorSubsystem: Opening Asset editor for World /Game/Scenes/Callum_Test.Callum_Test
[2021.02.25-10.20.41:890][805]LogUObjectHash: Compacting FUObjectHashTables data took   0.75ms
[2021.02.25-10.20.47:006][805]LogSlate: Window 'Save Content' being destroyed
[2021.02.25-10.20.47:836][805]Cmd: OBJ SAVEPACKAGE PACKAGE="/Game/Scenes/Callum_Test" FILE="E:/Uni/year2/Sem2/Colab/Collab/Collaborative-practice/Content/Scenes/Callum_Test.umap" SILENT=true AUTOSAVING=false KEEPDIRTY=false
[2021.02.25-10.20.47:922][805]LogUObjectHash: Compacting FUObjectHashTables data took   0.26ms
[2021.02.25-10.20.49:565][805]LogSavePackage: Moving 'E:/Uni/year2/Sem2/Colab/Collab/Collaborative-practice/Saved/Callum_Test4E39E4FC40F122F29548B3A810AC9485.tmp' to 'E:/Uni/year2/Sem2/Colab/Collab/Collaborative-practice/Content/Scenes/Callum_Test.umap'
[2021.02.25-10.20.50:346][805]LogFileHelpers: Saving map 'Callum_Test' took 3.173
[2021.02.25-10.20.50:403][805]LogUObjectHash: Compacting FUObjectHashTables data took   0.27ms
[2021.02.25-10.20.51:447][805]LogSavePackage: Moving 'E:/Uni/year2/Sem2/Colab/Collab/Collaborative-practice/Saved/Minimal_Default6771C22240488D76AD68BF921CD1FACA.tmp' to 'E:/Uni/year2/Sem2/Colab/Collab/Collaborative-practice/Content/StarterContent/Maps/Minimal_Default.umap'
[2021.02.25-10.20.51:492][805]LogFileHelpers: Saving map 'Minimal_Default' took 1.146
[2021.02.25-10.20.51:981][805]LogSavePackage: Moving 'E:/Uni/year2/Sem2/Colab/Collab/Collaborative-practice/Saved/Minimal_Default_BuiltDataA34B0AF1464E7C6DF3D1148B57DFEE98.tmp' to 'E:/Uni/year2/Sem2/Colab/Collab/Collaborative-practice/Content/StarterContent/Maps/Minimal_Default_BuiltData.uasset'
[2021.02.25-10.20.51:985][805]Cmd: MAP LOAD FILE="E:/Uni/year2/Sem2/Colab/Collab/Collaborative-practice/Content/Scenes/Callum_Test.umap" TEMPLATE=0 SHOWPROGRESS=1 FEATURELEVEL=3
[2021.02.25-10.20.51:985][805]LightingResults: New page: Lighting Build
[2021.02.25-10.20.51:985][805]LoadErrors: New page: Loading map: Callum_Test.umap
[2021.02.25-10.20.53:393][805]LogWorld: UWorld::CleanupWorld for Minimal_Default, bSessionEnded=true, bCleanupResources=true
[2021.02.25-10.20.53:433][805]LogSlate: InvalidateAllWidgets triggered.  All widgets were invalidated
[2021.02.25-10.20.53:433][805]MapCheck: New page: Map Check
[2021.02.25-10.20.53:433][805]LightingResults: New page: Lighting Build
[2021.02.25-10.20.54:132][805]LogAISub: UAISubsystem::~UAISubsystem EnvQueryManager (000002C924755400), frame # 7805
[2021.02.25-10.20.54:132][805]LogAISub: UAISubsystem::~UAISubsystem AIPerceptionSystem (000002C92379D080), frame # 7805
[2021.02.25-10.20.54:133][805]LogUObjectHash: Compacting FUObjectHashTables data took   0.71ms
[2021.02.25-10.20.54:733][805]LogEditorServer: Finished looking for orphan Actors (0.000 secs)
[2021.02.25-10.20.54:733][805]LogAIModule: Creating AISystem for world Callum_Test
[2021.02.25-10.20.54:733][805]LogAISub: UAISubsystem::UAISubsystem EnvQueryManager (000002C9592D3C00), frame # 7805
[2021.02.25-10.20.55:031][805]LogAISub: UAISubsystem::UAISubsystem AIPerceptionSystem (000002C956CD6980), frame # 7805
[2021.02.25-10.20.55:064][805]LogUObjectHash: Compacting FUObjectHashTables data took   0.68ms
[2021.02.25-10.20.55:089][805]Cmd: MAP CHECKDEP NOCLEARLOG
[2021.02.25-10.20.55:089][805]MapCheck: Map check complete: 0 Error(s), 0 Warning(s), took 0.081ms to complete.
[2021.02.25-10.20.55:089][805]LogFileHelpers: Loading map 'Callum_Test' took 3.105
[2021.02.25-10.20.55:189][805]AssetCheck: New page: Asset Save: multiple assets
[2021.02.25-10.20.55:189][805]LogContentValidation: Display: Validating World /Game/Scenes/Callum_Test.Callum_Test
[2021.02.25-10.20.55:189][805]LogContentValidation: Display: Validating World /Game/StarterContent/Maps/Minimal_Default.Minimal_Default
[2021.02.25-10.20.56:126][805]LogContentValidation: Display: Validating MapBuildDataRegistry /Game/StarterContent/Maps/Minimal_Default_BuiltData.Minimal_Default_BuiltData
[2021.02.25-10.21.14:066][331]LogEditorViewport: Clicking Background
[2021.02.25-10.21.15:143][459]LogEditorViewport: Clicking on Actor (LMB): SkyLight (SkyLight)
[2021.02.25-10.21.16:128][561]Cmd: DELETE
[2021.02.25-10.21.16:128][561]Cmd: ACTOR DELETE
[2021.02.25-10.21.16:130][561]LogEditorActor: Deleted Actor: SkyLight
[2021.02.25-10.21.16:139][561]LogUObjectHash: Compacting FUObjectHashTables data took   0.67ms
[2021.02.25-10.21.16:141][561]LogEditorActor: Deleted 1 Actors (0.013 secs)
[2021.02.25-10.21.16:695][624]LogEditorViewport: Clicking on Actor (LMB): DirectionalLight (DirectionalLight)
[2021.02.25-10.21.16:874][641]Cmd: DELETE
[2021.02.25-10.21.16:874][641]Cmd: ACTOR DELETE
[2021.02.25-10.21.16:875][641]LogEditorActor: Deleted Actor: DirectionalLight
[2021.02.25-10.21.16:883][641]LogUObjectHash: Compacting FUObjectHashTables data took   0.27ms
[2021.02.25-10.21.16:885][641]LogEditorActor: Deleted 1 Actors (0.011 secs)
[2021.02.25-10.21.53:518][986]LogAssetEditorSubsystem: Opening Asset editor for World /Game/StarterContent/Maps/StarterMap.StarterMap
[2021.02.25-10.21.53:662][986]LogUObjectHash: Compacting FUObjectHashTables data took   0.90ms
[2021.02.25-10.21.56:042][986]LogSlate: Window 'Save Content' being destroyed
[2021.02.25-10.21.56:060][986]Cmd: OBJ SAVEPACKAGE PACKAGE="/Game/Scenes/Callum_Test" FILE="E:/Uni/year2/Sem2/Colab/Collab/Collaborative-practice/Content/Scenes/Callum_Test.umap" SILENT=true AUTOSAVING=false KEEPDIRTY=false
[2021.02.25-10.21.56:073][986]LogUObjectHash: Compacting FUObjectHashTables data took   0.30ms
[2021.02.25-10.21.56:081][986]LogSavePackage: Moving 'E:/Uni/year2/Sem2/Colab/Collab/Collaborative-practice/Saved/Callum_TestFCD97ADE45C58C3C7A46B896AAD8C601.tmp' to 'E:/Uni/year2/Sem2/Colab/Collab/Collaborative-practice/Content/Scenes/Callum_Test.umap'
[2021.02.25-10.21.56:097][986]LogFileHelpers: Saving map 'Callum_Test' took 0.038
[2021.02.25-10.21.56:097][986]Cmd: MAP LOAD FILE="E:/Uni/year2/Sem2/Colab/Collab/Collaborative-practice/Content/StarterContent/Maps/StarterMap.umap" TEMPLATE=0 SHOWPROGRESS=1 FEATURELEVEL=3
[2021.02.25-10.21.56:097][986]LightingResults: New page: Lighting Build
[2021.02.25-10.21.56:097][986]LoadErrors: New page: Loading map: StarterMap.umap
[2021.02.25-10.21.56:138][986]LogWorld: UWorld::CleanupWorld for Callum_Test, bSessionEnded=true, bCleanupResources=true
[2021.02.25-10.21.56:138][986]LogSlate: InvalidateAllWidgets triggered.  All widgets were invalidated
[2021.02.25-10.21.56:138][986]MapCheck: New page: Map Check
[2021.02.25-10.21.56:138][986]LightingResults: New page: Lighting Build
[2021.02.25-10.21.56:149][986]LogAISub: UAISubsystem::~UAISubsystem AIPerceptionSystem (000002C956CD6980), frame # 10986
[2021.02.25-10.21.56:149][986]LogAISub: UAISubsystem::~UAISubsystem EnvQueryManager (000002C9592D3C00), frame # 10986
[2021.02.25-10.21.56:151][986]LogUObjectHash: Compacting FUObjectHashTables data took   1.21ms
[2021.02.25-10.21.56:251][986]LogUObjectHash: Compacting FUObjectHashTables data took   1.17ms
[2021.02.25-10.21.56:270][986]LogUObjectHash: Compacting FUObjectHashTables data took   0.77ms
[2021.02.25-10.21.57:320][986]LogEditorServer: Finished looking for orphan Actors (0.000 secs)
[2021.02.25-10.21.57:320][986]LogAIModule: Creating AISystem for world StarterMap
[2021.02.25-10.21.57:320][986]LogAISub: UAISubsystem::UAISubsystem EnvQueryManager (000002C960CA2C00), frame # 10986
[2021.02.25-10.21.57:320][986]LogAISub: UAISubsystem::UAISubsystem AIPerceptionSystem (000002C951B05080), frame # 10986
[2021.02.25-10.21.57:332][986]LogUObjectHash: Compacting FUObjectHashTables data took   0.70ms
[2021.02.25-10.21.57:344][986]Cmd: MAP CHECKDEP NOCLEARLOG
[2021.02.25-10.21.57:362][986]MapCheck: Map check complete: 0 Error(s), 0 Warning(s), took 17.384ms to complete.
[2021.02.25-10.21.57:362][986]LogFileHelpers: Loading map 'StarterMap' took 1.265
[2021.02.25-10.21.57:406][986]AssetCheck: New page: Asset Save: Callum_Test
[2021.02.25-10.21.57:406][986]LogContentValidation: Display: Validating World /Game/Scenes/Callum_Test.Callum_Test
[2021.02.25-10.22.06:782][635]LogAssetEditorSubsystem: Opening Asset editor for World /Game/StarterContent/Maps/Minimal_Default.Minimal_Default
[2021.02.25-10.22.06:791][635]LogUObjectHash: Compacting FUObjectHashTables data took   0.59ms
[2021.02.25-10.22.06:794][635]Cmd: MAP LOAD FILE="E:/Uni/year2/Sem2/Colab/Collab/Collaborative-practice/Content/StarterContent/Maps/Minimal_Default.umap" TEMPLATE=0 SHOWPROGRESS=1 FEATURELEVEL=3
[2021.02.25-10.22.06:794][635]LightingResults: New page: Lighting Build
[2021.02.25-10.22.06:794][635]LoadErrors: New page: Loading map: Minimal_Default.umap
[2021.02.25-10.22.06:828][635]LogWorld: UWorld::CleanupWorld for StarterMap, bSessionEnded=true, bCleanupResources=true
[2021.02.25-10.22.06:829][635]LogSlate: InvalidateAllWidgets triggered.  All widgets were invalidated
[2021.02.25-10.22.06:829][635]MapCheck: New page: Map Check
[2021.02.25-10.22.06:829][635]LightingResults: New page: Lighting Build
[2021.02.25-10.22.06:987][635]LogAISub: UAISubsystem::~UAISubsystem AIPerceptionSystem (000002C951B05080), frame # 11635
[2021.02.25-10.22.06:987][635]LogAISub: UAISubsystem::~UAISubsystem EnvQueryManager (000002C960CA2C00), frame # 11635
[2021.02.25-10.22.07:039][635]LogUObjectHash: Compacting FUObjectHashTables data took   1.00ms
[2021.02.25-10.22.08:340][635]LogUObjectHash: Compacting FUObjectHashTables data took   0.72ms
[2021.02.25-10.22.08:349][635]LogUObjectHash: Compacting FUObjectHashTables data took   0.85ms
[2021.02.25-10.22.08:442][635]LogEditorServer: Finished looking for orphan Actors (0.000 secs)
[2021.02.25-10.22.08:442][635]LogAIModule: Creating AISystem for world Minimal_Default
[2021.02.25-10.22.08:442][635]LogAISub: UAISubsystem::UAISubsystem EnvQueryManager (000002C95F782E00), frame # 11635
[2021.02.25-10.22.08:442][635]LogAISub: UAISubsystem::UAISubsystem AIPerceptionSystem (000002C951AF9D00), frame # 11635
[2021.02.25-10.22.08:453][635]LogUObjectHash: Compacting FUObjectHashTables data took   0.69ms
[2021.02.25-10.22.08:465][635]Cmd: MAP CHECKDEP NOCLEARLOG
[2021.02.25-10.22.08:465][635]MapCheck: Map check complete: 0 Error(s), 0 Warning(s), took 0.092ms to complete.
[2021.02.25-10.22.08:465][635]LogFileHelpers: Loading map 'Minimal_Default' took 1.671
[2021.02.25-10.22.20:498][452]Cmd: EDIT COPY
[2021.02.25-10.22.26:429][868]LogAssetEditorSubsystem: Opening Asset editor for World /Game/Scenes/Callum_Test.Callum_Test
[2021.02.25-10.22.26:438][868]LogUObjectHash: Compacting FUObjectHashTables data took   1.06ms
[2021.02.25-10.22.26:441][868]Cmd: MAP LOAD FILE="E:/Uni/year2/Sem2/Colab/Collab/Collaborative-practice/Content/Scenes/Callum_Test.umap" TEMPLATE=0 SHOWPROGRESS=1 FEATURELEVEL=3
[2021.02.25-10.22.26:441][868]LightingResults: New page: Lighting Build
[2021.02.25-10.22.26:441][868]LoadErrors: New page: Loading map: Callum_Test.umap
[2021.02.25-10.22.26:469][868]LogWorld: UWorld::CleanupWorld for Minimal_Default, bSessionEnded=true, bCleanupResources=true
[2021.02.25-10.22.26:469][868]LogSlate: InvalidateAllWidgets triggered.  All widgets were invalidated
[2021.02.25-10.22.26:469][868]MapCheck: New page: Map Check
[2021.02.25-10.22.26:469][868]LightingResults: New page: Lighting Build
[2021.02.25-10.22.26:477][868]LogAISub: UAISubsystem::~UAISubsystem AIPerceptionSystem (000002C951AF9D00), frame # 12868
[2021.02.25-10.22.26:477][868]LogAISub: UAISubsystem::~UAISubsystem EnvQueryManager (000002C95F782E00), frame # 12868
[2021.02.25-10.22.26:478][868]LogUObjectHash: Compacting FUObjectHashTables data took   0.94ms
[2021.02.25-10.22.26:574][868]LogEditorServer: Finished looking for orphan Actors (0.000 secs)
[2021.02.25-10.22.26:574][868]LogAIModule: Creating AISystem for world Callum_Test
[2021.02.25-10.22.26:574][868]LogAISub: UAISubsystem::UAISubsystem EnvQueryManager (000002C93B7B6400), frame # 12868
[2021.02.25-10.22.26:574][868]LogAISub: UAISubsystem::UAISubsystem AIPerceptionSystem (000002C951AF8A40), frame # 12868
[2021.02.25-10.22.26:583][868]LogUObjectHash: Compacting FUObjectHashTables data took   0.63ms
[2021.02.25-10.22.26:595][868]Cmd: MAP CHECKDEP NOCLEARLOG
[2021.02.25-10.22.26:595][868]MapCheck: Map check complete: 0 Error(s), 0 Warning(s), took 0.088ms to complete.
[2021.02.25-10.22.26:595][868]LogFileHelpers: Loading map 'Callum_Test' took 0.155
[2021.02.25-10.22.28:472][ 88]Cmd: EDIT PASTE
[2021.02.25-10.22.32:236][ 88]LogEditorViewport: Clicking Background
[2021.02.25-10.22.32:265][ 88]LogEditorViewport: Clicking on Actor (LMB): BP_Sky_Sphere_C (BP_Sky_Sphere)
[2021.02.25-10.22.32:281][ 88]LogEditorViewport: Clicking on Actor (LMB): BP_Sky_Sphere_C (BP_Sky_Sphere)
[2021.02.25-10.22.35:618][381]Cmd: OBJ SAVEPACKAGE PACKAGE="/Game/Scenes/Callum_Test" FILE="E:/Uni/year2/Sem2/Colab/Collab/Collaborative-practice/Content/Scenes/Callum_Test.umap" SILENT=true AUTOSAVING=false KEEPDIRTY=false
[2021.02.25-10.22.35:925][381]LogUObjectHash: Compacting FUObjectHashTables data took   0.69ms
[2021.02.25-10.22.35:949][381]LogSavePackage: Moving 'E:/Uni/year2/Sem2/Colab/Collab/Collaborative-practice/Saved/Callum_Test5DFAEF5041211FB135C3BE80CC6A432F.tmp' to 'E:/Uni/year2/Sem2/Colab/Collab/Collaborative-practice/Content/Scenes/Callum_Test.umap'
[2021.02.25-10.22.35:986][381]AssetCheck: New page: Asset Save: Callum_Test
[2021.02.25-10.22.35:986][381]LogContentValidation: Display: Validating World /Game/Scenes/Callum_Test.Callum_Test
